
[12:47:57] [Server thread/INFO] [Console]: 120216加入游戏  当前在线2
[12:47:57] [Server thread/INFO] [Console]: hgfuyeguy加入游戏  当前在线2

[12:47:57] [Server thread/WARN] [net.minecraft.server.network.ServerGamePacketListenerImpl]: 120216 moved too quickly! 1327.1753248948944,3.5517750126575436,84.84642128082851

[12:47:57] [Server thread/WARN] [net.minecraft.server.network.ServerGamePacketListenerImpl]: 120216 moved too quickly! 1332.0725203894863,3.459041099160558,85.20820529571392

[12:47:58] [Server thread/WARN] [net.minecraft.server.MinecraftServer]: 啊啊啊啊啊啊啊，小小墨头脑风暴了！！！请检查服务器是否过载！已宕机 5405毫秒！

[12:47:58] [Server thread/WARN] []: Initializing Legacy Material Support. Unless you have legacy plugins and/or data this is a bug!

[12:48:00] [Server thread/WARN] [net.minecraft.server.network.ServerGamePacketListenerImpl]: 120216 moved too quickly! 1366.1310402217168,3.0597548938528973,86.83704539339215

[12:48:01] [Server thread/INFO] [Console]: [禁物品] Successfully loaded 948 blacklisted & 0 whitelisted item(s).
[12:48:01] [Craft Scheduler Thread - 3/INFO] [Console]: [王国系统] Setting up nations data...
[12:48:01] [Craft Scheduler Thread - 3/INFO] [Console]: [王国系统] Done, loaded a total of 0 nations. Took 1ms
[12:48:01] [Craft Scheduler Thread - 3/INFO] [Console]: [王国系统] Setting up kingdoms data...
[12:48:01] [Craft Scheduler Thread - 3/INFO] [Console]: [王国系统] Done, loaded a total of 11 kingdoms. Took 19ms
[12:48:01] [Craft Scheduler Thread - 3/INFO] [Console]: [王国系统] Loading lands data...

[12:48:01] [Craft Scheduler Thread - 3/INFO] [Console]: [王国系统] Done, loaded a total of 11459 lands. Took 70ms
[12:48:01] [Craft Scheduler Thread - 6/INFO] [org.kingdoms.main.Kingdoms]: [KingdomsX] Updating top kingdoms... 11

[12:48:01] [Craft Scheduler Thread - 6/INFO] [Minecraft]: [EliteMobs] User 0010f170-0400-3388-8824-153f558ea400 data successfully read!
[12:48:01] [Craft Scheduler Thread - 4/INFO] [Minecraft]: [EliteMobs] User 14a46163-b258-39ae-9ccb-6d629deab47c data successfully read!

[12:48:01] [Server thread/INFO] [Console]: Success! Property memory was set to false
[12:48:01] [Craft Scheduler Thread - 7/INFO] [Console]: [TrChat] 你正在运行开发版本的 TrChat, 请及时反馈漏洞!

[12:48:01] [Craft Scheduler Thread - 1/INFO] [Console]: [禁物品] A newer version (v3.6) is available!

[12:48:02] [Server thread/WARN] [net.minecraft.server.network.ServerGamePacketListenerImpl]: 120216 moved too quickly! 1418.922380642356,3.0,88.3739268487443

[12:48:02] [Server thread/INFO] [APTweaks(Player)]: Protected Player 120216 was successful validated after 6 secs.
[12:48:02] [Server thread/INFO] [APTweaks(Player)]: Removing player protection invulnerable from player 120216!

[12:48:02] [Server thread/WARN] [net.minecraft.server.network.ServerGamePacketListenerImpl]: 120216 moved too quickly! 1426.601192043222,3.0,88.44210929161545
[12:48:02] [Server thread/INFO] [Console]: Success! Property memory was set to false

[12:48:03] [Server thread/INFO] [Console]: Success! Property memory was set to false
[12:48:03] [Server thread/INFO] [Console]: Success! Property memory was set to false
[12:48:03] [Server thread/INFO] [Console]: Success! Property memory was set to false
[12:48:03] [Server thread/INFO] [Console]: That world does not exist!
[12:48:03] [Server thread/INFO] [Console]: Success! Property memory was set to false
[12:48:03] [Server thread/INFO] [Console]: Success! Property memory was set to false
[12:48:03] [Server thread/INFO] [Console]: Success! Property memory was set to false

[12:48:04] [Server thread/WARN] [net.minecraft.server.network.ServerGamePacketListenerImpl]: 120216 moved too quickly! 1456.927412101686,3.0,92.08470881146332

[12:48:05] [Server thread/INFO] [net.minecraft.server.MinecraftServer]: 未找到实体

[12:48:05] [Server thread/INFO] [net.minecraft.server.MinecraftServer]: 未找到实体

[12:48:06] [Server thread/WARN] [net.minecraft.server.network.ServerGamePacketListenerImpl]: 120216 moved too quickly! 1507.432436743984,3.0,102.31433594489317

[12:48:07] [Server thread/WARN] [net.minecraft.server.network.ServerGamePacketListenerImpl]: 120216 moved too quickly! 1538.442666975323,3.0,110.51893378741897

[12:48:08] [Server thread/WARN] [net.minecraft.server.network.ServerGamePacketListenerImpl]: 120216 moved too quickly! 1540.7019719647715,3.0,111.08669443168128

[12:48:09] [Server thread/WARN] [net.minecraft.server.network.ServerGamePacketListenerImpl]: 120216 moved too quickly! 1584.171362988266,3.0,119.91869110468815

[12:48:10] [Server thread/WARN] [net.minecraft.server.network.ServerGamePacketListenerImpl]: 120216 moved too quickly! 1586.385342012446,3.0,120.26403995094006

[12:48:12] [Server thread/WARN] [net.minecraft.server.network.ServerGamePacketListenerImpl]: 120216 moved too quickly! 1634.9306664692404,3.0,125.36177599107396

[12:48:13] [Server thread/WARN] [net.minecraft.server.network.ServerGamePacketListenerImpl]: 120216 moved too quickly! 1654.6840563022433,3.000212840827132,126.1098259067112

[12:48:13] [Server thread/WARN] [net.minecraft.server.network.ServerGamePacketListenerImpl]: 120216 moved too quickly! 1656.7040518098065,3.0005331311986083,126.15731453045919

[12:48:13] [Server thread/WARN] [net.minecraft.server.network.ServerGamePacketListenerImpl]: 120216 moved too quickly! 1660.27951081446,3.0012496303112357,126.23887869441205

[12:48:13] [Server thread/WARN] [net.minecraft.server.network.ServerGamePacketListenerImpl]: 120216 moved too quickly! 1669.3712296062067,3.0048060956658986,126.43014810612658

[12:48:14] [Server thread/WARN] [net.minecraft.server.network.ServerGamePacketListenerImpl]: 120216 moved too quickly! 1686.0068084958048,3.021261786274877,126.96468716777053

[12:48:14] [Server thread/WARN] [net.minecraft.server.network.ServerGamePacketListenerImpl]: 120216 moved too quickly! 1688.3179001915532,3.0250086006781913,127.08736577450782

[12:48:15] [Server thread/WARN] [net.minecraft.server.network.ServerGamePacketListenerImpl]: 120216 moved too quickly! 1697.9985482523434,3.0451079914671197,127.73400930502612

[12:48:15] [Server thread/WARN] [net.minecraft.server.network.ServerGamePacketListenerImpl]: 120216 moved too quickly! 1700.3275590571811,3.050875638821637,127.92169278329493

[12:48:15] [Server thread/WARN] [net.minecraft.server.network.ServerGamePacketListenerImpl]: 120216 moved too quickly! 1702.7220763252508,3.0572212065612376,128.12755276433654

[12:48:16] [Server thread/WARN] [net.minecraft.server.network.ServerGamePacketListenerImpl]: 120216 moved too quickly! 1721.4995509665941,3.121635617489858,130.20065955399969

[12:48:16] [Server thread/WARN] [net.minecraft.server.network.ServerGamePacketListenerImpl]: 120216 moved too quickly! 1723.5725991415948,3.130426767202934,130.47982805599713

[12:48:17] [Server thread/WARN] [net.minecraft.server.network.ServerGamePacketListenerImpl]: 120216 moved too quickly! 1739.3816490469835,3.2069827522498144,132.93952517281923

[12:48:18] [Server thread/WARN] [net.minecraft.server.network.ServerGamePacketListenerImpl]: 120216 moved too quickly! 1775.9682267790222,3.4554723433342076,140.8885864481581

[12:48:18] [Server thread/WARN] [net.minecraft.server.network.ServerGamePacketListenerImpl]: 120216 moved too quickly! 1778.1246212634169,3.472505475163757,141.42908669693952

[12:48:19] [Server thread/WARN] [net.minecraft.server.network.ServerGamePacketListenerImpl]: 120216 moved too quickly! 1787.682536050831,3.548543059787832,143.85345738467186

[12:48:19] [Server thread/WARN] [net.minecraft.server.network.ServerGamePacketListenerImpl]: 120216 moved too quickly! 1799.4622373635439,3.639916396269072,146.76018874233705

[12:48:19] [Server thread/WARN] [net.minecraft.server.network.ServerGamePacketListenerImpl]: 120216 moved too quickly! 1801.904862311757,3.6575487621971092,147.32110050223673

[12:48:20] [Server thread/WARN] [net.minecraft.server.network.ServerGamePacketListenerImpl]: 120216 moved too quickly! 1819.1531008587463,3.768660256123326,150.8670538606657

[12:48:20] [Server thread/WARN] [net.minecraft.server.network.ServerGamePacketListenerImpl]: 120216 moved too quickly! 1821.2041934841245,3.7802477008556394,151.2408128691386

[12:48:20] [Server thread/WARN] [net.minecraft.server.network.ServerGamePacketListenerImpl]: 120216 moved too quickly! 1823.6283632617606,3.7937008844445472,151.6698216330078

[12:48:20] [Server thread/WARN] [net.minecraft.server.network.ServerGamePacketListenerImpl]: 120216 moved too quickly! 1825.6612966449038,3.8047075944859188,152.01869858778173

[12:48:22] [Server thread/WARN] [net.minecraft.server.network.ServerGamePacketListenerImpl]: 120216 moved too quickly! 1868.6128449457137,3.963983136564181,157.12286164337183

[12:48:23] [Server thread/WARN] [net.minecraft.server.network.ServerGamePacketListenerImpl]: 120216 moved too quickly! 1878.731753846505,3.9819853713431144,157.70427682537138

[12:48:25] [Server thread/WARN] [net.minecraft.server.network.ServerGamePacketListenerImpl]: 120216 moved too quickly! 1928.4673997141335,4.343563574128353,159.36479444141787

[12:48:26] [Server thread/WARN] [net.minecraft.server.network.ServerGamePacketListenerImpl]: 120216 moved too quickly! 1957.2775942029302,5.234101349924899,162.1599317258915

[12:48:27] [Server thread/WARN] [net.minecraft.server.network.ServerGamePacketListenerImpl]: 120216 moved too quickly! 1959.638132014219,5.333414961333361,162.47114941770178

[12:48:28] [Server thread/WARN] [net.minecraft.server.network.ServerGamePacketListenerImpl]: 120216 moved too quickly! 1998.076635618644,7.51668390881224,169.2974615817493

[12:48:29] [Server thread/WARN] [net.minecraft.server.network.ServerGamePacketListenerImpl]: 120216 moved too quickly! 2009.3932145654007,8.298934144938457,171.73427602413176

[12:48:33] [Server thread/WARN] [net.minecraft.server.network.ServerGamePacketListenerImpl]: 120216 moved too quickly! 2105.6499827605867,11.959580139419586,183.18395868253174

[12:48:35] [Server thread/WARN] [net.minecraft.server.network.ServerGamePacketListenerImpl]: 120216 moved too quickly! 2139.907264007502,11.918718915557605,184.1410187903066

[12:48:35] [Craft Scheduler Thread - 16/INFO] [fr.xephi.authme.AuthMe]: [AuthMe] The user hgfuyeguy has 2 accounts:
[12:48:35] [Craft Scheduler Thread - 16/INFO] [fr.xephi.authme.AuthMe]: [AuthMe] heiyin114514, hgfuyeguy.
[12:48:35] [Craft Scheduler Thread - 16/INFO] [fr.xephi.authme.AuthMe]: [AuthMe] hgfuyeguy logged in 120.204.140.180

[12:48:37] [Server thread/WARN] [net.minecraft.server.network.ServerGamePacketListenerImpl]: 120216 moved too quickly! 2187.442142068042,11.48731826357583,188.68211412474557
[12:48:37] [Server thread/INFO] [APTweaks(Player)]: Protected Player hgfuyeguy was successful validated after 41 secs.
[12:48:37] [Server thread/INFO] [APTweaks(Player)]: Removing player protection invulnerable from player hgfuyeguy!
[12:48:37] [Server thread/WARN] [net.minecraft.server.network.ServerGamePacketListenerImpl]: 120216 moved too quickly! 2191.9127437458164,11.426392597112724,189.32249957755357
[12:48:37] [Server thread/WARN] [net.minecraft.server.network.ServerGamePacketListenerImpl]: 120216 moved too quickly! 2195.146873368497,11.38014534190178,189.80865383752007
[12:48:39] [Server thread/WARN] [net.minecraft.server.network.ServerGamePacketListenerImpl]: 120216 moved too quickly! 2236.98975246759,10.691156025322769,197.02989284167415
[12:48:39] [Server thread/WARN] [net.minecraft.server.network.ServerGamePacketListenerImpl]: 120216 moved too quickly! 2240.1013693600353,10.643745084902264,197.5256311699677
[12:48:43] [Server thread/WARN] [net.minecraft.server.network.ServerGamePacketListenerImpl]: 120216 moved too quickly! 2312.005387241813,10.025228632364374,204.01794578174668
[12:48:43] [Server thread/WARN] [net.minecraft.server.network.ServerGamePacketListenerImpl]: 120216 moved too quickly! 2314.2459754463607,10.020284604487287,204.06986969639092
[12:48:43] [Server thread/WARN] [net.minecraft.server.network.ServerGamePacketListenerImpl]: 120216 moved too quickly! 2316.1987322349114,10.016355137703002,204.11196941875914
[12:48:45] [Server thread/WARN] [net.minecraft.server.network.ServerGamePacketListenerImpl]: 120216 moved too quickly! 2375.4186561501765,9.906210444673334,205.97613996892778
[12:48:45] [Craft Scheduler Thread - 9/INFO] [fr.xephi.authme.AuthMe]: [AuthMe] 120216 logged in 117.14.143.213
[12:48:45] [Server thread/WARN] [net.minecraft.server.network.ServerGamePacketListenerImpl]: 120216 moved too quickly! 2377.4380794602775,9.89862156705172,206.11119688564122
[12:48:46] [Server thread/WARN] [net.minecraft.server.network.ServerGamePacketListenerImpl]: 120216 moved too quickly! 2379.523786175275,9.890666097170211,206.25613827205507
[12:48:46] [Server thread/WARN] [net.minecraft.server.network.ServerGamePacketListenerImpl]: 120216 moved too quickly! 2384.0930969378796,9.872038135590003,206.5939685769381
[12:48:46] [Server thread/WARN] [net.minecraft.server.network.ServerGamePacketListenerImpl]: 120216 moved too quickly! 2388.394267817831,9.852938075692379,206.9373929847552
[12:48:48] [Server thread/INFO] [net.minecraft.server.network.ServerGamePacketListenerImpl]: hgfuyeguy issued server command: /gamerule sendCommandFeedback

[12:48:52] [EntityClear - Item-1/INFO] [Console]: [⚡航空母舰·山东号⚡]  已清除 3 掉落物
[12:48:52] [EntityClear - Item-1/INFO] [Console]: [⚡航空母舰·辽宁号⚡] 已清除 46 怪物

[12:48:58] [Craft Scheduler Thread - 7/INFO] [[38;5;11m⚡[0m]: [38;5;8m∘₊✧────────────────────────────────✧₊∘
[38;5;9m[1mLagFixer needs an update!
[38;5;15mCurrent version: [38;5;11m[4m1.3.27 (build 91)[0m
[38;5;15mLatest version: [38;5;11m[4m1.3.31[0m

[38;5;172m⚠ [38;5;246mUpdating this plugin is crucial [38;5;172m⚠
[38;5;172m⚠ [38;5;246mfor server optimization. [38;5;172m⚠
[38;5;8m∘₊✧────────────────────────────────✧₊∘
[38;5;15mYou can disable this alert in config path: [38;5;11mmain [38;5;8m-> [38;5;11mupdater [38;5;8m-> [38;5;11mfalse[0m

[12:49:55] [Async Chat Thread - #0/INFO] [Console]: <120216> ?

[12:49:58] [Async Chat Thread - #0/INFO] [Console]: <120216> 2

[12:50:05] [Craft Scheduler Thread - 12/INFO] [me.jasperjh.animatedscoreboard.AnimatedScoreboard]: [AnimatedScoreboard] No new versions found for the plugin!

[12:50:07] [Server thread/INFO] [NBTAPI]: [NBTAPI] Found Spigot: v1_20_R1! Trying to find NMS support
[12:50:07] [Server thread/INFO] [NBTAPI]: [NBTAPI] NMS support 'MC1_20_R1' loaded!
[12:50:07] [Server thread/INFO] [NBTAPI]: [NBTAPI] Using the plugin 'MTVehicles' to create a bStats instance!

[12:50:22] [Server thread/INFO] [net.minecraft.server.network.ServerGamePacketListenerImpl]: 120216 issued server command: /res tp 052驱逐舰

[12:52:07] [Server thread/INFO] [net.minecraft.server.network.ServerGamePacketListenerImpl]: hgfuyeguy issued server command: /summon minecraft:villager 11016.488294 241.000000 -4604.305235

[12:52:53] [Server thread/INFO] [Console]: Success! Property memory was set to false

[12:52:54] [Server thread/INFO] [Console]: Success! Property memory was set to false

[12:52:55] [Server thread/INFO] [Console]: Success! Property memory was set to false
[12:52:55] [Server thread/INFO] [Console]: Success! Property memory was set to false
[12:52:55] [Server thread/INFO] [Console]: Success! Property memory was set to false
[12:52:55] [Server thread/INFO] [Console]: That world does not exist!
[12:52:55] [Server thread/INFO] [Console]: Success! Property memory was set to false
[12:52:55] [Server thread/INFO] [Console]: Success! Property memory was set to false
[12:52:55] [Server thread/INFO] [Console]: Success! Property memory was set to false

[12:52:58] [Server thread/INFO] [Minecraft]: [EliteMobs] Event beast_master.yml has been queued!

[12:52:58] [Server thread/INFO] [Console]: 野兽驯服者出现了！

[12:53:09] [Server thread/INFO] [Essentials]: CONSOLE issued server command: /tempban hgfuyeguy 严重破坏基础地形 7d
[12:53:09] [Server thread/INFO] [net.minecraft.server.network.ServerGamePacketListenerImpl]: hgfuyeguy lost connection: 你被7 日临时封禁了
严重破坏基础地形 7d
[12:53:09] [Server thread/INFO] [net.minecraft.server.MinecraftServer]: hgfuyeguy已离线  当前还有1在线
[12:53:09] [Server thread/INFO] [Essentials]: 操作员Console临时封禁了hgfuyeguy 7 日，理由：严重破坏基础地形 7d.
[12:53:34] [Server thread/INFO] [APTweaks(Player)]: Player IsabellaX ServerPlayer['IsabellaX'/4992, l='ServerLevel[world]', x=12565.99, y=81.00, z=-3677.33](IsabellaX at 12565.990164124772,81.0,-3677.3290422498176) logged in and will be protected for 90 secs.
[12:53:34] [Server thread/INFO] [net.minecraft.server.players.PlayerList]: IsabellaX[/113.84.0.214:44527] logged in with entity id 4992 at ([world]12565.990164124772, 81.0, -3677.3290422498176)
[12:53:34] [Server thread/WARN] [net.minecraftforge.network.MCRegisterPacketHandler]: 接收到无效的通道名称: legacy:fml|hs。忽略。
[12:53:34] [Server thread/INFO] [Console]: IsabellaX加入游戏  当前在线2
[12:53:34] [Craft Scheduler Thread - 0/INFO] [Minecraft]: [EliteMobs] User 05387c90-93d5-3caf-b92e-1eb895a8d857 data successfully read!
[12:53:38] [Server thread/INFO] [APTweaks(Player)]: Protected Player IsabellaX was successful validated after 4 secs.
[12:53:38] [Server thread/INFO] [APTweaks(Player)]: Removing player protection invulnerable from player IsabellaX!
[12:53:44] [Server thread/INFO] [APTweaks(Player)]: Player The_Leopard_King ServerPlayer['The_Leopard_King'/5137, l='ServerLevel[world]', x=10274.39, y=129.99, z=-5502.74](The_Leopard_King at 10274.389654915543,129.9882408621668,-5502.741523736761) logged in and will be protected for 90 secs.
[12:53:44] [Server thread/INFO] [net.minecraft.server.players.PlayerList]: The_Leopard_King[/120.235.147.57:58205] logged in with entity id 5137 at ([world]10274.389654915543, 129.9882408621668, -5502.741523736761)
[12:53:44] [Server thread/WARN] [net.minecraftforge.network.MCRegisterPacketHandler]: 接收到无效的通道名称: legacy:fml|hs。忽略。
[12:53:44] [Server thread/INFO] [Console]: The_Leopard_King加入游戏  当前在线3
[12:53:45] [Craft Scheduler Thread - 2/INFO] [Minecraft]: [EliteMobs] User db4cd43b-72e5-32d3-928b-189e456886b8 data successfully read!
[12:53:53] [Craft Scheduler Thread - 16/INFO] [fr.xephi.authme.AuthMe]: [AuthMe] IsabellaX logged in 113.84.0.214
[12:54:03] [Server thread/INFO] [net.minecraft.server.network.ServerGamePacketListenerImpl]: IsabellaX issued server command: /creativetimer set
[12:54:07] [Server thread/INFO] [APTweaks(Player)]: Protected Player The_Leopard_King was successful validated after 22 secs.
[12:54:07] [Server thread/INFO] [APTweaks(Player)]: Removing player protection invulnerable from player The_Leopard_King!
[12:54:11] [Craft Scheduler Thread - 2/INFO] [fr.xephi.authme.AuthMe]: [AuthMe] The_Leopard_King logged in 120.235.147.57
[12:54:14] [Server thread/INFO] [net.minecraft.server.network.ServerGamePacketListenerImpl]: IsabellaX issued server command: /creativetimer start
[12:54:18] [Server thread/INFO] [net.minecraft.server.network.ServerGamePacketListenerImpl]: The_Leopard_King issued server command: /tp 10357 166.5 -5239
[12:54:42] [Server thread/INFO] [net.minecraft.server.network.ServerGamePacketListenerImpl]: The_Leopard_King issued server command: /tp 10875 160.5 -4697
[12:54:57] [Server thread/INFO] [net.minecraft.server.network.ServerGamePacketListenerImpl]: The_Leopard_King issued server command: /gamemode spectator
[12:55:04] [Server thread/INFO] [net.minecraft.server.network.ServerGamePacketListenerImpl]: IsabellaX lost connection: 连接中断
[12:55:04] [Server thread/INFO] [Console]: IsabellaX在创造模式中退出游戏，已变回生存模式并且清空了背包
[12:55:04] [Server thread/INFO] [net.minecraft.server.MinecraftServer]: IsabellaX已离线  当前还有2在线
[12:55:45] [Server thread/INFO] [APTweaks(Player)]: Player IsabellaX ServerPlayer['IsabellaX'/7738, l='ServerLevel[world]', x=12564.15, y=86.16, z=-3682.90](IsabellaX at 12564.153296771412,86.15760980339938,-3682.8979917161846) logged in and will be protected for 90 secs.
[12:55:45] [Server thread/INFO] [net.minecraft.server.players.PlayerList]: IsabellaX[/113.84.0.214:48887] logged in with entity id 7738 at ([world]12564.153296771412, 86.15760980339938, -3682.8979917161846)
[12:55:45] [Server thread/WARN] [net.minecraftforge.network.MCRegisterPacketHandler]: 接收到无效的通道名称: legacy:fml|hs。忽略。
[12:55:45] [Server thread/INFO] [Console]: IsabellaX加入游戏  当前在线3
[12:55:45] [Craft Scheduler Thread - 22/INFO] [fr.xephi.authme.AuthMe]: [AuthMe] IsabellaX logged in 113.84.0.214
[12:55:45] [Craft Scheduler Thread - 5/INFO] [Minecraft]: [EliteMobs] User 05387c90-93d5-3caf-b92e-1eb895a8d857 data successfully read!
[12:55:47] [Server thread/INFO] [APTweaks(Player)]: Protected Player IsabellaX was successful validated after 2 secs.
[12:55:47] [Server thread/INFO] [APTweaks(Player)]: Removing player protection invulnerable from player IsabellaX!
[12:55:58] [Server thread/INFO] [net.minecraft.server.network.ServerGamePacketListenerImpl]: IsabellaX issued server command: /creativetimer start
[12:56:43] [Server thread/INFO] [net.minecraft.server.network.ServerGamePacketListenerImpl]: 120216 issued server command: /cc open 地标.yml
[12:56:53] [Server thread/INFO] [net.minecraft.server.network.ServerGamePacketListenerImpl]: 120216 issued server command: /tp 14043 66 -4788
[12:57:04] [Server thread/INFO] [net.minecraft.server.network.ServerGamePacketListenerImpl]: IsabellaX lost connection: 连接中断
[12:57:04] [Server thread/INFO] [Console]: IsabellaX在创造模式中退出游戏，已变回生存模式并且清空了背包
[12:57:04] [Server thread/INFO] [net.minecraft.server.MinecraftServer]: IsabellaX已离线  当前还有2在线
[12:57:14] [Server thread/INFO] [NBTAPI]: [NBTAPI] Found Minecraft: v1_20_R1! Trying to find NMS support
[12:57:14] [Server thread/INFO] [NBTAPI]: [NBTAPI] NMS support 'MC1_20_R1' loaded!
[12:57:14] [Server thread/INFO] [NBTAPI]: [NBTAPI] Using the plugin 'PepperMinecart' to create a bStats instance!
[12:57:19] [Server thread/INFO] [APTweaks(Player)]: Player IsabellaX ServerPlayer['IsabellaX'/9567, l='ServerLevel[world]', x=12563.88, y=86.54, z=-3682.96](IsabellaX at 12563.878884873604,86.5405538233875,-3682.9555057814277) logged in and will be protected for 90 secs.
[12:57:19] [Server thread/INFO] [net.minecraft.server.players.PlayerList]: IsabellaX[/113.84.0.214:34609] logged in with entity id 9567 at ([world]12563.878884873604, 86.5405538233875, -3682.9555057814277)
[12:57:19] [Server thread/WARN] [net.minecraftforge.network.MCRegisterPacketHandler]: 接收到无效的通道名称: legacy:fml|hs。忽略。
[12:57:19] [Server thread/INFO] [Console]: IsabellaX加入游戏  当前在线3
[12:57:20] [Craft Scheduler Thread - 21/INFO] [fr.xephi.authme.AuthMe]: [AuthMe] IsabellaX logged in 113.84.0.214
[12:57:20] [Craft Scheduler Thread - 0/INFO] [Minecraft]: [EliteMobs] User 05387c90-93d5-3caf-b92e-1eb895a8d857 data successfully read!
[12:57:22] [Server thread/INFO] [APTweaks(Player)]: Protected Player IsabellaX was successful validated after 2 secs.
[12:57:22] [Server thread/INFO] [APTweaks(Player)]: Removing player protection invulnerable from player IsabellaX!
[12:57:22] [Server thread/INFO] [net.minecraft.server.network.ServerGamePacketListenerImpl]: The_Leopard_King issued server command: /co rollback action:block radius:100 time:1d
[12:57:28] [Server thread/INFO] [Console]: Success! Property memory was set to false
[12:57:29] [Server thread/INFO] [net.minecraft.server.network.ServerGamePacketListenerImpl]: IsabellaX issued server command: /creativetimer start
[12:57:29] [Server thread/INFO] [Console]: Success! Property memory was set to false
[12:57:30] [Server thread/INFO] [Console]: Success! Property memory was set to false
[12:57:30] [Server thread/INFO] [Console]: Success! Property memory was set to false
[12:57:30] [Server thread/INFO] [Console]: Success! Property memory was set to false
[12:57:30] [Server thread/INFO] [Console]: That world does not exist!
[12:57:30] [Server thread/INFO] [Console]: Success! Property memory was set to false
[12:57:30] [Server thread/INFO] [Console]: Success! Property memory was set to false
[12:57:30] [Server thread/INFO] [Console]: Success! Property memory was set to false
[12:57:40] [Server thread/INFO] [net.minecraft.server.network.ServerGamePacketListenerImpl]: The_Leopard_King issued server command: /weather sun
[12:58:16] [Server thread/INFO] [net.minecraft.server.network.ServerGamePacketListenerImpl]: The_Leopard_King lost connection: 连接中断
[12:58:16] [Server thread/INFO] [net.minecraft.server.MinecraftServer]: The_Leopard_King已离线  当前还有2在线
[12:58:17] [Server thread/WARN] [net.minecraft.network.Connection]: handleDisconnection() called twice
[12:58:47] [Server thread/INFO] [net.minecraft.server.network.ServerGamePacketListenerImpl]: IsabellaX lost connection: 连接中断
[12:58:47] [Server thread/INFO] [Console]: IsabellaX在创造模式中退出游戏，已变回生存模式并且清空了背包
[12:58:47] [Server thread/INFO] [net.minecraft.server.MinecraftServer]: IsabellaX已离线  当前还有1在线
[12:58:58] [Server thread/INFO] [Minecraft]: [EliteMobs] Event zombie_totem.yml has been queued!
[12:58:58] [Server thread/INFO] [Console]: Craftenmine博士的憎恶之物已出现！
[12:59:06] [Server thread/INFO] [APTweaks(Player)]: Player IsabellaX ServerPlayer['IsabellaX'/11341, l='ServerLevel[world]', x=12563.54, y=85.16, z=-3678.61](IsabellaX at 12563.535469207085,85.15658203479579,-3678.6052766878897) logged in and will be protected for 90 secs.
[12:59:07] [Server thread/INFO] [net.minecraft.server.players.PlayerList]: IsabellaX[/113.84.0.214:50671] logged in with entity id 11341 at ([world]12563.535469207085, 85.15658203479579, -3678.6052766878897)
[12:59:07] [Server thread/WARN] [net.minecraftforge.network.MCRegisterPacketHandler]: 接收到无效的通道名称: legacy:fml|hs。忽略。
[12:59:07] [Server thread/INFO] [Console]: IsabellaX加入游戏  当前在线2
[12:59:07] [Craft Scheduler Thread - 18/INFO] [fr.xephi.authme.AuthMe]: [AuthMe] IsabellaX logged in 113.84.0.214
[12:59:07] [Craft Scheduler Thread - 24/INFO] [Minecraft]: [EliteMobs] User 05387c90-93d5-3caf-b92e-1eb895a8d857 data successfully read!
[12:59:08] [Server thread/INFO] [APTweaks(Player)]: Protected Player IsabellaX was successful validated after 1 secs.
[12:59:08] [Server thread/INFO] [APTweaks(Player)]: Removing player protection invulnerable from player IsabellaX!
[12:59:20] [Server thread/INFO] [net.minecraft.server.network.ServerGamePacketListenerImpl]: IsabellaX issued server command: /creativetimer start
[12:59:30] [Server thread/INFO] [Essentials]: Created a User for xXTuisiem5622Xx (96732bb6-871e-332f-b372-dc1d05a7e8ee) for non Bukkit type: org.bukkit.craftbukkit.v1_20_R1.entity.CraftPlayer
[12:59:31] [Server thread/INFO] [APTweaks(Player)]: Player xXTuisiem5622Xx ServerPlayer['xXTuisiem5622Xx'/11633, l='ServerLevel[world]', x=0.72, y=81.00, z=0.52](xXTuisiem5622Xx at 0.7190401406301354,81.0,0.5242781292017725) logged in and will be protected for 90 secs.
[12:59:31] [Server thread/INFO] [net.minecraft.server.players.PlayerList]: xXTuisiem5622Xx[/120.204.142.195:59599] logged in with entity id 11633 at ([world]0.7190401406301354, 81.0, 0.5242781292017725)
[12:59:31] [Server thread/WARN] [net.minecraftforge.network.MCRegisterPacketHandler]: 接收到无效的通道名称: legacy:fml|hs。忽略。
[12:59:31] [Server thread/INFO] [Console]: xXTuisiem5622Xx加入游戏  当前在线3
[12:59:32] [Server thread/INFO] [APTweaks(Player)]: Protected Player xXTuisiem5622Xx was successful validated after 0 secs.
[12:59:32] [Server thread/INFO] [APTweaks(Player)]: Removing player protection invulnerable from player xXTuisiem5622Xx!
[12:59:32] [Craft Scheduler Thread - 28/INFO] [Minecraft]: [EliteMobs] No player entry detected, generating new entry!
[12:59:47] [Server thread/INFO] [fr.xephi.authme.AuthMe]: [AuthMe] xXTuisiem5622Xx registered 120.204.142.195
[12:59:47] [Craft Scheduler Thread - 27/INFO] [fr.xephi.authme.AuthMe]: [AuthMe] xXTuisiem5622Xx logged in 120.204.142.195
[13:01:01] [Server thread/INFO] [APTweaks(Player)]: Player heiyin114514 ServerPlayer['heiyin114514'/13712, l='ServerLevel[world]', x=10894.89, y=218.00, z=-3739.77](heiyin114514 at 10894.89470010786,218.0,-3739.768900715092) logged in and will be protected for 90 secs.
[13:01:01] [Server thread/INFO] [net.minecraft.server.players.PlayerList]: heiyin114514[/120.204.142.195:43687] logged in with entity id 13712 at ([world]10894.89470010786, 218.0, -3739.768900715092)
[13:01:01] [Server thread/WARN] [net.minecraftforge.network.MCRegisterPacketHandler]: 接收到无效的通道名称: legacy:fml|hs。忽略。
[13:01:01] [Server thread/INFO] [Console]: heiyin114514加入游戏  当前在线4
[13:01:03] [Craft Scheduler Thread - 29/INFO] [Minecraft]: [EliteMobs] User 21f4621f-a155-3182-829c-d45136fe99f1 data successfully read!
[13:01:24] [Craft Scheduler Thread - 28/INFO] [fr.xephi.authme.AuthMe]: [AuthMe] The user heiyin114514 has 2 accounts:
[13:01:24] [Craft Scheduler Thread - 28/INFO] [fr.xephi.authme.AuthMe]: [AuthMe] heiyin114514, xXTuisiem5622Xx.
[13:01:24] [Craft Scheduler Thread - 28/INFO] [fr.xephi.authme.AuthMe]: [AuthMe] heiyin114514 logged in 120.204.142.195
[13:01:27] [Server thread/INFO] [net.minecraft.server.network.ServerGamePacketListenerImpl]: heiyin114514 issued server command: /op xXTuisiem5622Xx
[13:01:29] [Server thread/INFO] [net.minecraft.server.network.ServerGamePacketListenerImpl]: heiyin114514 lost connection: 连接中断
[13:01:29] [Server thread/INFO] [net.minecraft.server.MinecraftServer]: heiyin114514已离线  当前还有3在线
[13:01:47] [Server thread/INFO] [net.minecraft.server.network.ServerGamePacketListenerImpl]: xXTuisiem5622Xx issued server command: /tp @s 10424 79.5 -5389
[13:02:15] [Server thread/INFO] [net.minecraft.server.network.ServerGamePacketListenerImpl]: xXTuisiem5622Xx issued server command: /tp 10458 84 -5430
[13:02:22] [Server thread/INFO] [net.minecraft.server.network.ServerGamePacketListenerImpl]: xXTuisiem5622Xx issued server command: /gamemode creative
[13:02:49] [Server thread/INFO] [net.minecraft.server.network.ServerGamePacketListenerImpl]: IsabellaX issued server command: //set oak_planks
[13:02:50] [Server thread/INFO] [Console]: Success! Property memory was set to false
[13:02:51] [Server thread/INFO] [Console]: Success! Property memory was set to false
[13:02:52] [Server thread/INFO] [Console]: Success! Property memory was set to false
[13:02:52] [Server thread/INFO] [Console]: Success! Property memory was set to false
[13:02:52] [Server thread/INFO] [Console]: Success! Property memory was set to false
[13:02:52] [Server thread/INFO] [Console]: That world does not exist!
[13:02:52] [Server thread/INFO] [Console]: Success! Property memory was set to false
[13:02:52] [Server thread/INFO] [Console]: Success! Property memory was set to false
[13:02:52] [Server thread/INFO] [Console]: Success! Property memory was set to false
[13:03:20] [Server thread/INFO] [net.minecraft.server.network.ServerGamePacketListenerImpl]: IsabellaX issued server command: //set birch_planks
[13:03:32] [Server thread/INFO] [net.minecraft.server.network.ServerGamePacketListenerImpl]: IsabellaX issued server command: //set birch_planks
[13:03:39] [Server thread/INFO] [net.minecraft.server.network.ServerGamePacketListenerImpl]: xXTuisiem5622Xx issued server command: /gamemode survival
[13:03:42] [Server thread/INFO] [net.minecraft.server.network.ServerGamePacketListenerImpl]: xXTuisiem5622Xx issued server command: /gamemode creative
[13:03:51] [Server thread/INFO] [net.minecraft.server.network.ServerGamePacketListenerImpl]: IsabellaX issued server command: //set birch_planks
[13:03:58] [Server thread/INFO] [Minecraft]: [EliteMobs] Event 吵闹&红蜘蛛.yml has been queued!
[13:03:58] [Server thread/INFO] [Console]: 野生的红蜘蛛出现了！
[13:03:58] [Server thread/INFO] [Console]: 野生的坦克出现了！
[13:04:03] [Server thread/INFO] [net.minecraft.server.network.ServerGamePacketListenerImpl]: IsabellaX issued server command: //set birch_planks
[13:05:23] [Server thread/INFO] [net.minecraft.server.network.ServerGamePacketListenerImpl]: xXTuisiem5622Xx issued server command: /tp IsabellaX
[13:05:36] [Server thread/INFO] [net.minecraft.server.network.ServerGamePacketListenerImpl]: xXTuisiem5622Xx issued server command: /op IsabellaX
[13:06:14] [Server thread/WARN] [net.minecraft.server.network.ServerGamePacketListenerImpl]: IsabellaX moved too quickly! -1.8900501387452096,-15.999999999999318,3.4681239106939756
[13:06:32] [Async Chat Thread - #2/INFO] [Console]: <IsabellaX> dont rush me
[13:06:48] [Async Chat Thread - #2/INFO] [Console]: <xXTuisiem5622Xx> op good or not?
[13:07:03] [Async Chat Thread - #3/INFO] [Console]: <IsabellaX> good
[13:07:17] [Async Chat Thread - #2/INFO] [Console]: <IsabellaX> good
[13:07:22] [Server thread/WARN] [net.minecraft.server.network.ServerGamePacketListenerImpl]: IsabellaX moved too quickly! -1.152541759169253,-86.74902625603136,-1.2869113642955199
[13:07:23] [Server thread/WARN] [net.minecraft.server.network.ServerGamePacketListenerImpl]: IsabellaX moved too quickly! 0.0,-15.909458649111912,0.0
[13:07:32] [Server thread/INFO] [net.minecraft.server.network.ServerGamePacketListenerImpl]: xXTuisiem5622Xx issued server command: /tp IsabellaX xXTuisiem5622Xx
[13:07:34] [Async Chat Thread - #2/INFO] [Console]: <IsabellaX> i have no mtr mod
[13:07:51] [Server thread/INFO] [net.minecraft.server.network.ServerGamePacketListenerImpl]: IsabellaX lost connection: 连接中断
[13:07:51] [Server thread/INFO] [net.minecraft.server.MinecraftServer]: IsabellaX已离线  当前还有2在线
[13:07:56] [Server thread/INFO] [APTweaks(Player)]: Player The_Leopard_King ServerPlayer['The_Leopard_King'/25385, l='ServerLevel[world]', x=10737.11, y=277.91, z=-4623.77](The_Leopard_King at 10737.113141308044,277.91074306100353,-4623.77085902807) logged in and will be protected for 90 secs.
[13:07:56] [Server thread/INFO] [net.minecraft.server.players.PlayerList]: The_Leopard_King[/120.235.147.57:39283] logged in with entity id 25385 at ([world]10737.113141308044, 277.91074306100353, -4623.77085902807)
[13:07:56] [Server thread/WARN] [net.minecraftforge.network.MCRegisterPacketHandler]: 接收到无效的通道名称: legacy:fml|hs。忽略。
[13:07:56] [Server thread/INFO] [Console]: The_Leopard_King加入游戏  当前在线3
[13:07:57] [Server thread/INFO] [Console]: Success! Property memory was set to false
[13:07:57] [Craft Scheduler Thread - 41/INFO] [Minecraft]: [EliteMobs] User db4cd43b-72e5-32d3-928b-189e456886b8 data successfully read!
[13:07:57] [Server thread/INFO] [Console]: Success! Property memory was set to false
[13:07:58] [Server thread/INFO] [Console]: Success! Property memory was set to false
[13:07:58] [Server thread/INFO] [Console]: Success! Property memory was set to false
[13:07:58] [Server thread/INFO] [Console]: Success! Property memory was set to false
[13:07:58] [Server thread/INFO] [Console]: That world does not exist!
[13:07:58] [Server thread/INFO] [Console]: Success! Property memory was set to false
[13:07:58] [Server thread/INFO] [Console]: Success! Property memory was set to false
[13:07:58] [Server thread/INFO] [Console]: Success! Property memory was set to false
[13:07:59] [Server thread/INFO] [APTweaks(Player)]: Protected Player The_Leopard_King was successful validated after 3 secs.
[13:07:59] [Server thread/INFO] [APTweaks(Player)]: Removing player protection invisible from player The_Leopard_King!
[13:07:59] [Server thread/INFO] [APTweaks(Player)]: Removing player protection invulnerable from player The_Leopard_King!
[13:08:01] [Server thread/INFO] [net.minecraft.server.network.ServerGamePacketListenerImpl]: xXTuisiem5622Xx lost connection: 连接中断
[13:08:01] [Server thread/INFO] [net.minecraft.server.MinecraftServer]: xXTuisiem5622Xx已离线  当前还有2在线
[13:08:08] [Server thread/WARN] [net.minecraft.server.network.ServerGamePacketListenerImpl]: The_Leopard_King moved too quickly! 0.0,-12.725371290173655,0.0
[13:08:08] [Server thread/INFO] []: Minecraft Transit Railway save complete for minecraft:overworld in 9 second(s)
[13:08:08] [Server thread/INFO] []: - Changed: 1
[13:08:08] [Server thread/INFO] []: - Delays Cleared: 25
[13:08:14] [Craft Scheduler Thread - 34/INFO] [fr.xephi.authme.AuthMe]: [AuthMe] The_Leopard_King logged in 120.235.147.57
[13:08:20] [Server thread/INFO] [net.minecraft.server.network.ServerGamePacketListenerImpl]: The_Leopard_King issued server command: /top
[13:08:28] [Server thread/INFO] [APTweaks(Player)]: Player Seara ServerPlayer['Seara'/25909, l='ServerLevel[world]', x=14540.32, y=62.75, z=-4266.99](Seara at 14540.316736873488,62.745683172542456,-4266.989561167062) logged in and will be protected for 90 secs.
[13:08:28] [Server thread/INFO] [net.minecraft.server.players.PlayerList]: Seara[/120.204.142.195:44657] logged in with entity id 25909 at ([world]14540.316736873488, 62.745683172542456, -4266.989561167062)
[13:08:28] [Server thread/WARN] [net.minecraftforge.network.MCRegisterPacketHandler]: 接收到无效的通道名称: legacy:fml|hs。忽略。
[13:08:28] [Server thread/INFO] [Console]: Seara加入游戏  当前在线3
[13:08:29] [Craft Scheduler Thread - 42/INFO] [Minecraft]: [EliteMobs] User 70938cff-11fd-3fca-927e-10600f7e41a0 data successfully read!
[13:08:34] [Server thread/INFO] [net.minecraft.server.network.ServerGamePacketListenerImpl]: The_Leopard_King issued server command: /time set 1
[13:08:42] [Server thread/INFO] [APTweaks(Player)]: Protected Player Seara was successful validated after 14 secs.
[13:08:42] [Server thread/INFO] [APTweaks(Player)]: Removing player protection invulnerable from player Seara!
[13:08:46] [Craft Scheduler Thread - 42/INFO] [fr.xephi.authme.AuthMe]: [AuthMe] The user Seara has 3 accounts:
[13:08:46] [Craft Scheduler Thread - 42/INFO] [fr.xephi.authme.AuthMe]: [AuthMe] Seara, heiyin114514, xxtuisiem5622xx.
[13:08:46] [Craft Scheduler Thread - 42/INFO] [fr.xephi.authme.AuthMe]: [AuthMe] Seara logged in 120.204.142.195
[13:08:54] [Server thread/INFO] [net.minecraft.server.network.ServerGamePacketListenerImpl]: Seara issued server command: /cc open 切换模式.yml
[13:08:54] [Async Chat Thread - #4/INFO] [Console]: <宇宙无敌焯只因帅帅哒的腐竹yeee> 人才 在内陆投影放港口城市
[13:08:55] [Server thread/INFO] [net.minecraft.server.network.ServerGamePacketListenerImpl]: Seara issued server command: /cc open 创造模式体验系统
[13:08:55] [Server thread/INFO] [net.minecraft.server.network.ServerGamePacketListenerImpl]: Seara issued server command: /creativetimer start
[13:09:14] [Server thread/INFO] [APTweaks(Player)]: Player IsabellaX ServerPlayer['IsabellaX'/26925, l='ServerLevel[world]', x=12567.12, y=90.41, z=-3680.95](IsabellaX at 12567.115897032796,90.40762608459386,-3680.949031749632) logged in and will be protected for 90 secs.
[13:09:14] [Server thread/INFO] [net.minecraft.server.players.PlayerList]: IsabellaX[/113.84.0.214:56989] logged in with entity id 26925 at ([world]12567.115897032796, 90.40762608459386, -3680.949031749632)
[13:09:14] [Server thread/WARN] [net.minecraftforge.network.MCRegisterPacketHandler]: 接收到无效的通道名称: legacy:fml|hs。忽略。
[13:09:14] [Server thread/INFO] [Console]: IsabellaX加入游戏  当前在线4
[13:09:14] [Craft Scheduler Thread - 48/INFO] [fr.xephi.authme.AuthMe]: [AuthMe] IsabellaX logged in 113.84.0.214
[13:09:16] [Craft Scheduler Thread - 47/INFO] [Minecraft]: [EliteMobs] User 05387c90-93d5-3caf-b92e-1eb895a8d857 data successfully read!
[13:09:16] [Server thread/INFO] [APTweaks(Player)]: Protected Player IsabellaX was successful validated after 1 secs.
[13:09:16] [Server thread/INFO] [APTweaks(Player)]: Removing player protection invulnerable from player IsabellaX!
[13:09:23] [Async Chat Thread - #5/INFO] [Console]: <Seara> ……回档吧
[13:09:25] [Server thread/INFO] [net.minecraft.server.network.ServerGamePacketListenerImpl]: The_Leopard_King issued server command: /co lookup action:command radius:100
[13:09:36] [Server thread/INFO] [net.minecraft.server.network.ServerGamePacketListenerImpl]: Seara issued server command: /tp The_Leopard_King
[13:09:58] [Server thread/INFO] [Minecraft]: [EliteMobs] Event pillager_caravan.yml has been queued!
[13:09:58] [Server thread/INFO] [Console]: 掠夺者巡逻队出现了！
[13:10:02] [Server thread/INFO] [net.minecraft.server.network.ServerGamePacketListenerImpl]: The_Leopard_King issued server command: /co rollback user:hgfuyeguy action:command time:1d
[13:10:09] [Server thread/INFO] [net.minecraft.server.network.ServerGamePacketListenerImpl]: The_Leopard_King issued server command: /co rollback user:hgfuyeguy action:command
[13:10:19] [Server thread/INFO] [net.minecraft.server.network.ServerGamePacketListenerImpl]: The_Leopard_King issued server command: /co rollback time:1d action:command
[13:10:24] [Server thread/INFO] [net.minecraft.server.network.ServerGamePacketListenerImpl]: The_Leopard_King issued server command: /co rollback action:command
[13:10:34] [Server thread/WARN] [net.minecraft.server.network.ServerGamePacketListenerImpl]: Seara moved too quickly! 0.32409022187130176,5.0,9.7946396707448
[13:10:39] [Server thread/INFO] [net.minecraft.server.network.ServerGamePacketListenerImpl]: The_Leopard_King issued server command: /co rollback user:hgfuyeguy time:1d
[13:10:47] [Server thread/INFO] [net.minecraft.server.network.ServerGamePacketListenerImpl]: Seara issued server command: /cc open 切换模式.yml
[13:10:50] [Server thread/INFO] [net.minecraft.server.network.ServerGamePacketListenerImpl]: The_Leopard_King issued server command: /co rollback user:hgfuyeguy time:1d action:command
[13:10:52] [Server thread/INFO] [net.minecraft.server.network.ServerGamePacketListenerImpl]: Seara issued server command: /gamemode 3
[13:10:52] [Server thread/INFO] [net.minecraft.server.network.ServerGamePacketListenerImpl]: Seara issued server command: /advancement grant @s only minecraft:adventure/totem_of_undying
[13:10:52] [Server thread/INFO] [net.minecraft.server.network.ServerGamePacketListenerImpl]: Seara issued server command: /title @s title "那么 你该怎么变回去呢？"
[13:10:53] [Server thread/INFO] [net.minecraft.server.network.ServerGamePacketListenerImpl]: The_Leopard_King issued server command: /co rollback user:hgfuyeguy time:1d action:+block
[13:10:53] [Server thread/WARN] [net.minecraft.server.network.ServerGamePacketListenerImpl]: Seara moved too quickly! 1903.2730440101168,-148.42392313547646,1209.413094830944
[13:10:57] [Server thread/WARN] [net.minecraft.server.network.ServerGamePacketListenerImpl]: Seara moved too quickly! 1999.1535562184035,-23.281804267550584,659.5654516088252
[13:11:46] [Server thread/INFO] [net.minecraft.server.network.ServerGamePacketListenerImpl]: Seara issued server command: /tell IsabellaX i op you,you op me
[13:12:02] [Server thread/WARN] [net.minecraft.server.network.ServerGamePacketListenerImpl]: Seara moved too quickly! -1997.3152123353575,25.913519227170546,-659.1850620235919
[13:12:04] [Server thread/INFO] [net.minecraft.server.network.ServerGamePacketListenerImpl]: IsabellaX issued server command: /tell Seara
[13:12:15] [Server thread/INFO] [net.minecraft.server.network.ServerGamePacketListenerImpl]: Seara issued server command: /cn052
[13:12:17] [Server thread/INFO] [net.minecraft.server.network.ServerGamePacketListenerImpl]: Seara issued server command: /cc open 切换模式.yml
[13:12:19] [Server thread/INFO] [net.minecraft.server.network.ServerGamePacketListenerImpl]: Seara issued server command: /cc open 创造模式体验系统
[13:12:20] [Server thread/INFO] [net.minecraft.server.network.ServerGamePacketListenerImpl]: Seara issued server command: /creativetimer start
[13:12:21] [Server thread/INFO] [net.minecraft.server.network.ServerGamePacketListenerImpl]: IsabellaX issued server command: /tell Seara what you mean
[13:12:39] [Server thread/INFO] [net.minecraft.server.network.ServerGamePacketListenerImpl]: IsabellaX issued server command: //set 0
[13:12:57] [Server thread/INFO] [net.minecraft.server.network.ServerGamePacketListenerImpl]: Seara issued server command: /tell IsabellaX 我就那个op你的人，现在你再把我op回来
[13:13:08] [Server thread/INFO] []: Minecraft Transit Railway save complete for minecraft:overworld in 10 second(s)
[13:13:08] [Server thread/INFO] []: - Changed: 4
[13:13:08] [Server thread/INFO] []: - Delays Cleared: 19
[13:13:13] [Server thread/INFO] [net.minecraft.server.network.ServerGamePacketListenerImpl]: IsabellaX issued server command: /op Seara
[13:13:19] [Async Chat Thread - #6/INFO] [Console]: <Seara> 提示://limit -1取消限制
[13:13:28] [Async Chat Thread - #7/INFO] [Console]: <Seara> _//limit
[13:13:37] [Async Chat Thread - #6/INFO] [Console]: <Seara> _//limit_-1
[13:13:50] [Server thread/INFO] [net.minecraft.server.network.ServerGamePacketListenerImpl]: 120216 issued server command: /cc open 切换模式.yml
[13:13:51] [Server thread/INFO] [net.minecraft.server.network.ServerGamePacketListenerImpl]: 120216 issued server command: /gamemode 2
[13:13:57] [Server thread/INFO] [net.minecraft.server.network.ServerGamePacketListenerImpl]: 120216 issued server command: /cc open 切换模式.yml
[13:13:58] [Server thread/INFO] [net.minecraft.server.network.ServerGamePacketListenerImpl]: 120216 issued server command: /cc open 创造模式体验系统
[13:14:02] [Server thread/INFO] [net.minecraft.server.network.ServerGamePacketListenerImpl]: IsabellaX issued server command: /tell Seara 你们这么搞确定不会出事嘛，，，
[13:14:12] [Server thread/INFO] [net.minecraft.server.network.ServerGamePacketListenerImpl]: The_Leopard_King issued server command: /tp IsabellaX
[13:14:13] [Server thread/INFO] [net.minecraft.server.network.ServerGamePacketListenerImpl]: 120216 issued server command: /cc open 切换模式.yml
[13:14:15] [Server thread/INFO] [net.minecraft.server.network.ServerGamePacketListenerImpl]: 120216 issued server command: /gamemode 0
[13:14:20] [Server thread/INFO] [net.minecraft.server.network.ServerGamePacketListenerImpl]: The_Leopard_King issued server command: /back
[13:14:31] [Server thread/INFO] [net.minecraft.server.network.ServerGamePacketListenerImpl]: Seara issued server command: /tell IsabellaX 我op是黑服务器黑出来的
[13:14:47] [Server thread/INFO] [net.minecraft.server.network.ServerGamePacketListenerImpl]: The_Leopard_King issued server command: /tp 10706 196.5 -4992
[13:14:49] [Server thread/INFO] [net.minecraft.server.network.ServerGamePacketListenerImpl]: IsabellaX issued server command: /tell Seara 腐竹不知道？
[13:14:56] [Server thread/INFO] [net.minecraft.server.network.ServerGamePacketListenerImpl]: Seara issued server command: /tell IsabellaX 只是因为想好好建筑
[13:14:58] [Server thread/INFO] [Minecraft]: [EliteMobs] Event 吵闹&红蜘蛛.yml ended!
[13:15:07] [Server thread/INFO] [net.minecraft.server.network.ServerGamePacketListenerImpl]: IsabellaX issued server command: //set oak_planks
[13:15:35] [Server thread/INFO] [net.minecraft.server.network.ServerGamePacketListenerImpl]: Seara issued server command: //stack 10
[13:15:57] [Async Chat Thread - #8/INFO] [Console]: <IsabellaX> 别搞我建筑啊，，，
[13:15:58] [Server thread/INFO] [Minecraft]: [EliteMobs] Event 搅拌大师.yml has been queued!
[13:15:58] [Server thread/INFO] [Console]: 野生的搅拌大师出现了！
[13:15:59] [Async Chat Thread - #8/INFO] [Console]: <Seara> 奇特的bug
[13:16:01] [Server thread/INFO] [Console]: Success! Property memory was set to false
[13:16:02] [Server thread/INFO] [net.minecraft.server.network.ServerGamePacketListenerImpl]: Seara issued server command: //undo
[13:16:02] [Server thread/INFO] [Console]: Success! Property memory was set to false
[13:16:03] [Server thread/INFO] [Console]: Success! Property memory was set to false
[13:16:03] [Server thread/INFO] [Console]: Success! Property memory was set to false
[13:16:03] [Server thread/INFO] [Console]: Success! Property memory was set to false
[13:16:03] [Server thread/INFO] [Console]: That world does not exist!
[13:16:03] [Server thread/INFO] [Console]: Success! Property memory was set to false
[13:16:03] [Server thread/INFO] [Console]: Success! Property memory was set to false
[13:16:03] [Server thread/INFO] [Console]: Success! Property memory was set to false
[13:16:24] [Server thread/INFO] [net.minecraft.server.network.ServerGamePacketListenerImpl]: Seara issued server command: /xp give Seara 2147483647L
[13:16:30] [Server thread/INFO] [net.minecraft.server.network.ServerGamePacketListenerImpl]: Seara issued server command: /xp give Seara 2147483647
[13:16:31] [Server thread/INFO] [net.minecraft.server.network.ServerGamePacketListenerImpl]: 120216 issued server command: /
[13:16:37] [Server thread/INFO] [net.minecraft.server.network.ServerGamePacketListenerImpl]: 120216 issued server command: /cc open 切换模式.yml
[13:16:38] [Server thread/INFO] [net.minecraft.server.network.ServerGamePacketListenerImpl]: 120216 issued server command: /cc open 创造模式体验系统
[13:16:43] [Async Chat Thread - #9/INFO] [Console]: <IsabellaX> 是腐竹同意了我们获得这个？
[13:16:45] [Server thread/INFO] [net.minecraft.server.network.ServerGamePacketListenerImpl]: 120216 issued server command: /fly
[13:16:53] [Server thread/INFO] [net.minecraft.server.network.ServerGamePacketListenerImpl]: Seara issued server command: /tell IsabellaX 不是

[13:17:03] [Async Chat Thread - #8/INFO] [Console]: <Seara> 1

[13:17:19] [Server thread/INFO] [net.minecraft.server.network.ServerGamePacketListenerImpl]: Seara issued server command: /xp give IsabellaX 99999999
[13:17:22] [Server thread/INFO] [net.minecraft.server.network.ServerGamePacketListenerImpl]: IsabellaX issued server command: /tell Seara 腐竹还在线呢，我们获得 op 他不知道？
[13:17:58] [Craft Scheduler Thread - 46/INFO] [Console]: [王国系统] Auto saving... Checking 0 nations, 11 kingdoms, 11459 lands and 27 players.
[13:17:59] [Craft Scheduler Thread - 55/INFO] [org.kingdoms.main.Kingdoms]: [KingdomsX] Updating top kingdoms... 11
[13:18:00] [Server thread/INFO] [net.minecraft.server.network.ServerGamePacketListenerImpl]: 120216 issued server command: /tp 120216 100 234
[13:18:08] [Server thread/INFO] [net.minecraft.server.network.ServerGamePacketListenerImpl]: Seara issued server command: /tell IsabellaX 多复制几份op
[13:18:15] [Server thread/INFO] []: Minecraft Transit Railway save complete for minecraft:overworld in 17 second(s)
[13:18:15] [Server thread/INFO] []: - Changed: 2
[13:18:15] [Server thread/INFO] []: - Delays Cleared: 16
[13:18:21] [Server thread/INFO] [net.minecraft.server.network.ServerGamePacketListenerImpl]: 120216 issued server command: /tp 120 99 345
[13:18:25] [Server thread/INFO] [net.minecraft.server.network.ServerGamePacketListenerImpl]: 120216 issued server command: /res tp 052驱逐舰
[13:18:46] [Server thread/INFO] [net.minecraft.server.network.ServerGamePacketListenerImpl]: Seara issued server command: /tell IsabellaX 你公屏发个1
[13:18:50] [Async Chat Thread - #10/INFO] [Console]: <IsabellaX> 1
[13:18:52] [EntityClear - Item-1/INFO] [Console]: [⚡航空母舰·山东号⚡]  已清除 2 掉落物
[13:18:52] [EntityClear - Item-1/INFO] [Console]: [⚡航空母舰·辽宁号⚡] 已清除 22 怪物
[13:18:58] [Craft Scheduler Thread - 41/INFO] [[38;5;11m⚡[0m]: [38;5;8m∘₊✧────────────────────────────────✧₊∘
[38;5;9m[1mLagFixer needs an update!
[38;5;15mCurrent version: [38;5;11m[4m1.3.27 (build 91)[0m
[38;5;15mLatest version: [38;5;11m[4m1.3.31[0m

[38;5;172m⚠ [38;5;246mUpdating this plugin is crucial [38;5;172m⚠
[38;5;172m⚠ [38;5;246mfor server optimization. [38;5;172m⚠
[38;5;8m∘₊✧────────────────────────────────✧₊∘
[38;5;15mYou can disable this alert in config path: [38;5;11mmain [38;5;8m-> [38;5;11mupdater [38;5;8m-> [38;5;11mfalse[0m
[13:19:01] [Async Chat Thread - #11/INFO] [Console]: <Seara> 发现啥不同了吗
[13:19:08] [Async Chat Thread - #10/INFO] [Console]: <IsabellaX> ？
[13:19:12] [Async Chat Thread - #11/INFO] [Console]: <Seara> 经验
[13:19:15] [Async Chat Thread - #10/INFO] [Console]: <IsabellaX> o
[13:19:20] [Server thread/INFO] [net.minecraft.server.network.ServerGamePacketListenerImpl]: Seara issued server command: /sudo Seara 111
[13:19:28] [Server thread/INFO] [net.minecraft.server.network.ServerGamePacketListenerImpl]: Seara issued server command: /sudo Seara /say 111
[13:19:31] [Server thread/INFO] [Minecraft]: [EliteMobs] Event 搅拌大师.yml ended!
[13:19:44] [Server thread/INFO] [net.minecraft.server.network.ServerGamePacketListenerImpl]: Seara issued server command: /sudo IsabellaX /tell Seara 我是傻逼
[13:19:44] [Server thread/INFO] [net.minecraft.server.network.ServerGamePacketListenerImpl]: IsabellaX issued server command: //tell Seara 我是傻逼
[13:19:51] [Server thread/INFO] [net.minecraft.server.network.ServerGamePacketListenerImpl]: Seara issued server command: /sudo IsabellaX tell Seara 我是傻逼
[13:19:51] [Server thread/INFO] [net.minecraft.server.network.ServerGamePacketListenerImpl]: IsabellaX issued server command: /tell Seara 我是傻逼
[13:20:11] [Async Chat Thread - #11/INFO] [Console]: <Seara> 搞你
[13:20:17] [Server thread/INFO] [net.minecraft.server.network.ServerGamePacketListenerImpl]: IsabellaX issued server command: /tell Seara 腐竹还在线呢，他不会搞我们？
[13:20:46] [Server thread/INFO] [net.minecraft.server.network.ServerGamePacketListenerImpl]: Seara issued server command: /tell IsabellaX 要不要搞腐竹
[13:21:07] [Server thread/INFO] [net.minecraft.server.network.ServerGamePacketListenerImpl]: IsabellaX issued server command: /tell Seara 不是，他不搞我们吗一下子多这么多 op
[13:21:26] [Server thread/INFO] [Minecraft]: [EliteMobs] Event beast_master.yml ended!
[13:21:29] [Server thread/INFO] [net.minecraft.server.network.ServerGamePacketListenerImpl]: Seara issued server command: /tell IsabellaX 你说啥
[13:21:41] [Async Chat Thread - #13/INFO] [Console]: <Seara> 刚才被刷屏了没看见
[13:21:45] [Server thread/INFO] [net.minecraft.server.network.ServerGamePacketListenerImpl]: IsabellaX issued server command: /tell Seara
[13:21:58] [Server thread/INFO] [Minecraft]: [EliteMobs] Event weapons_goblin.yml has been queued!
[13:21:58] [Server thread/INFO] [Console]: 武器哥布林出现了！
[13:22:00] [Async Chat Thread - #12/INFO] [Console]: [TrChat] 你已禁言 Seara 10s.原因: null
[13:22:00] [Async Chat Thread - #12/INFO] [Essentials]: CONSOLE issued server command: /essentials:tell The_Leopard_King Seara试图骚扰你，但被禁言了
[13:22:00] [Async Chat Thread - #12/INFO] [Console]: 错误：PrivateMessagePreSendEvent cannot be triggered asynchronously from another thread.
[13:22:11] [Server thread/INFO] [net.minecraft.server.network.ServerGamePacketListenerImpl]: IsabellaX issued server command: /tell Seara 腐竹还在线呢，一下子多这么多 op 他不会搞我们？
[13:22:23] [Server thread/INFO] [net.minecraft.server.network.ServerGamePacketListenerImpl]: Seara issued server command: /tell IsabellaX 有可能
[13:22:38] [Async Chat Thread - #13/INFO] [Console]: <Seara> 1
[13:22:43] [Async Chat Thread - #12/INFO] [Console]: <IsabellaX> ，，，，，，
[13:22:43] [Server thread/INFO] [net.minecraft.server.network.ServerGamePacketListenerImpl]: Seara issued server command: /execute at The_Leopard_King as The_Leopard_King run tp ~ ~0.5 ~
[13:23:08] [Server thread/INFO] [net.minecraft.server.network.ServerGamePacketListenerImpl]: Seara issued server command: /gamerule commandBlockOutput false
[13:23:37] [Server thread/INFO] [Console]: Success! Property memory was set to false
[13:23:38] [Server thread/INFO] [Console]: Success! Property memory was set to false
[13:23:39] [Server thread/INFO] [Console]: Success! Property memory was set to false
[13:23:39] [Server thread/INFO] [Console]: Success! Property memory was set to false
[13:23:39] [Server thread/INFO] [Console]: Success! Property memory was set to false
[13:23:39] [Server thread/INFO] [Console]: That world does not exist!
[13:23:39] [Server thread/INFO] [Console]: Success! Property memory was set to false
[13:23:39] [Server thread/INFO] [Console]: Success! Property memory was set to false
[13:23:39] [Server thread/INFO] [Console]: Success! Property memory was set to false
[13:23:40] [Async Chat Thread - #12/INFO] [Console]: <IsabellaX> 我怕被腐竹 ban 啊，，，，，，
[13:23:40] [Server thread/INFO] [net.minecraft.server.network.ServerGamePacketListenerImpl]: Seara issued server command: /op BE.ashen1700
[13:23:52] [Async Chat Thread - #13/INFO] [Console]: <Seara> 你应该不会
[13:24:03] [Async Chat Thread - #12/INFO] [Console]: <IsabellaX> 好，我要建筑了
[13:24:17] [Async Chat Thread - #13/INFO] [Console]: <IsabellaX> 别再我这搞行不
[13:24:30] [Async Chat Thread - #12/INFO] [Console]: <IsabellaX> 民陵方块拆了
[13:25:04] [Server thread/INFO] [net.minecraft.server.network.ServerGamePacketListenerImpl]: IsabellaX issued server command: /tp The_Leopard_King
[13:25:09] [Async Chat Thread - #13/INFO] [Console]: <Seara> 你不是op吗
[13:25:13] [Async Chat Thread - #12/INFO] [Console]: <Seara> 自己拆
[13:25:22] [Server thread/INFO] [net.minecraft.server.network.ServerGamePacketListenerImpl]: IsabellaX issued server command: /res tp 成都
[13:26:25] [Server thread/INFO] [net.minecraft.server.network.ServerGamePacketListenerImpl]: The_Leopard_King issued server command: /tp 12561 81 -3678
[13:26:41] [Server thread/INFO] [net.minecraft.server.network.ServerGamePacketListenerImpl]: Seara issued server command: //rep 0
[13:26:41] [Server thread/INFO] [net.minecraft.server.network.ServerGamePacketListenerImpl]: 120216 issued server command: /tp 4388 99 208
[13:26:45] [Server thread/INFO] [net.minecraft.server.network.ServerGamePacketListenerImpl]: The_Leopard_King issued server command: /em spawncustom HIM.yml
[13:26:45] [Server thread/WARN] [Minecraft]: [EliteMobs] Warning: power name elder_guardian.yml for boss HIM.yml is not registered! Skipping it for custom mob construction...
[13:26:45] [Server thread/INFO] [Console]: 魔神HIM现身了...
[13:26:45] [Server thread/INFO] [net.minecraft.server.network.ServerGamePacketListenerImpl]: Seara issued server command: //limit -1
[13:26:46] [Server thread/INFO] [net.minecraft.server.network.ServerGamePacketListenerImpl]: Seara issued server command: //rep 0
[13:26:51] [Server thread/INFO] [net.minecraft.server.network.ServerGamePacketListenerImpl]: The_Leopard_King issued server command: /elitemobs trackcustomboss 80b662b9-c61c-4128-8dde-50dac165a980
[13:26:55] [Server thread/INFO] [net.minecraft.server.network.ServerGamePacketListenerImpl]: 120216 issued server command: /tp 4388 130 208
[13:26:58] [Server thread/INFO] [Minecraft]: [EliteMobs] Event charms_goblin.yml has been queued!
[13:26:58] [Server thread/INFO] [Console]: 护符哥布林出现了！
[13:27:45] [Server thread/INFO] [net.minecraft.server.network.ServerGamePacketListenerImpl]: Seara issued server command: /damage IsabellaX 20
[13:27:51] [Server thread/INFO] [net.minecraft.server.network.ServerGamePacketListenerImpl]: 120216 issued server command: /tp 4388 200 208
[13:27:52] [Server thread/INFO] [net.minecraft.server.network.ServerGamePacketListenerImpl]: Seara issued server command: /damage IsabellaX 20
[13:27:59] [Server thread/INFO] [Minecraft]: [EliteMobs] Event zombie_totem.yml ended!
[13:28:06] [Server thread/INFO] [net.minecraft.server.network.ServerGamePacketListenerImpl]: Seara issued server command: /damage IsabellaX 10 minecraft:bad_respawn_point
[13:28:21] [Server thread/INFO] [net.minecraft.server.network.ServerGamePacketListenerImpl]: Seara issued server command: /kill IsabellaX
[13:28:22] [Server thread/INFO] [net.minecraft.server.MinecraftServer]: death.attack.generic
[13:28:22] [Server thread/INFO] [net.minecraft.server.network.ServerGamePacketListenerImpl]: 120216 issued server command: /tp 4388 200 208
[13:28:28] [Async Chat Thread - #14/INFO] [Console]: <IsabellaX> ？
[13:28:39] [Server thread/INFO] [net.minecraft.server.network.ServerGamePacketListenerImpl]: 120216 issued server command: /tp 4388 200 208
[13:28:40] [Async Chat Thread - #15/INFO] [Console]: <Seara> 手抖了
[13:28:46] [Server thread/INFO] [net.minecraft.server.network.ServerGamePacketListenerImpl]: 120216 issued server command: /tp 4388 200 208
[13:28:55] [Async Chat Thread - #14/INFO] [Console]: <IsabellaX> 别搞我啊我建筑
[13:29:00] [Async Chat Thread - #15/INFO] [Console]: <IsabellaX> 搞腐竹
[13:29:13] [Server thread/INFO] [net.minecraft.server.network.ServerGamePacketListenerImpl]: Seara issued server command: /kick The_Leopard_King
[13:29:13] [Server thread/INFO] [net.minecraft.server.network.ServerGamePacketListenerImpl]: The_Leopard_King lost connection: 从服务器踢出。
[13:29:13] [Server thread/INFO] [net.minecraft.server.MinecraftServer]: 宇宙无敌焯只因帅帅哒的腐竹yeee已离线  当前还有3在线
[13:29:13] [Server thread/INFO] [Essentials]: 操作员Seara踢出了The_Leopard_King，原因：从服务器踢出。。
[13:29:27] [Async Chat Thread - #14/INFO] [Console]: <Seara> 我把腐竹踢了
[13:29:44] [Async Chat Thread - #15/INFO] [Console]: <IsabellaX> 哦谢
[13:29:55] [Server thread/INFO] [Essentials]: CONSOLE issued server command: /ban Seara
[13:29:55] [Server thread/INFO] [net.minecraft.server.network.ServerGamePacketListenerImpl]: Seara lost connection: 已封禁：
你已被此服务器封禁！
[13:29:55] [Server thread/INFO] [net.minecraft.server.MinecraftServer]: Seara已离线  当前还有2在线
[13:29:55] [Server thread/INFO] [Essentials]: 操作员Console封禁了Seara，理由：<dark_red>已封禁：
<reset>你已被此服务器封禁！。
[13:30:03] [Server thread/INFO] [Console]: 未知命令。键入“/help”以获取帮助。
[13:30:14] [Server thread/INFO] [Essentials]: Created a User for Tuacoap908LP (c6a73436-1348-3f8d-b09e-f4b2cb1e6db8) for non Bukkit type: org.bukkit.craftbukkit.v1_20_R1.entity.CraftPlayer
[13:30:14] [Server thread/INFO] [APTweaks(Player)]: Player Tuacoap908LP ServerPlayer['Tuacoap908LP'/60453, l='ServerLevel[world]', x=0.72, y=81.00, z=0.52](Tuacoap908LP at 0.7190401406301354,81.0,0.5242781292017725) logged in and will be protected for 90 secs.
[13:30:14] [Server thread/INFO] [net.minecraft.server.players.PlayerList]: Tuacoap908LP[/120.204.142.195:49687] logged in with entity id 60453 at ([world]0.7190401406301354, 81.0, 0.5242781292017725)
[13:30:14] [Server thread/WARN] [net.minecraftforge.network.MCRegisterPacketHandler]: 接收到无效的通道名称: legacy:fml|hs。忽略。
[13:30:14] [Server thread/INFO] [Console]: Tuacoap908LP加入游戏  当前在线3
[13:30:14] [Server thread/INFO] [APTweaks(Player)]: Protected Player Tuacoap908LP was successful validated after 0 secs.
[13:30:14] [Server thread/INFO] [APTweaks(Player)]: Removing player protection invulnerable from player Tuacoap908LP!
[13:30:15] [Craft Scheduler Thread - 67/INFO] [Minecraft]: [EliteMobs] No player entry detected, generating new entry!
[13:30:19] [Server thread/INFO] [net.minecraft.server.network.ServerGamePacketListenerImpl]: IsabellaX issued server command: //set 0
[13:30:25] [Server thread/INFO] [APTweaks(Player)]: Player The_Leopard_King ServerPlayer['The_Leopard_King'/60885, l='ServerLevel[world]', x=12567.74, y=102.70, z=-3542.94](The_Leopard_King at 12567.737641368174,102.6995975439048,-3542.9442399153554) logged in and will be protected for 90 secs.
[13:30:25] [Server thread/INFO] [net.minecraft.server.players.PlayerList]: The_Leopard_King[/120.235.147.57:41937] logged in with entity id 60885 at ([world]12567.737641368174, 102.6995975439048, -3542.9442399153554)
[13:30:25] [Server thread/WARN] [net.minecraftforge.network.MCRegisterPacketHandler]: 接收到无效的通道名称: legacy:fml|hs。忽略。
[13:30:25] [Server thread/INFO] [Console]: The_Leopard_King加入游戏  当前在线4
[13:30:25] [Craft Scheduler Thread - 71/INFO] [fr.xephi.authme.AuthMe]: [AuthMe] The_Leopard_King logged in 120.235.147.57
[13:30:26] [Server thread/INFO] [Console]: Success! Property memory was set to false
[13:30:26] [Craft Scheduler Thread - 71/INFO] [Minecraft]: [EliteMobs] User db4cd43b-72e5-32d3-928b-189e456886b8 data successfully read!
[13:30:26] [Server thread/INFO] [Console]: Success! Property memory was set to false
[13:30:27] [Server thread/INFO] [Console]: Success! Property memory was set to false
[13:30:27] [Server thread/INFO] [Console]: Success! Property memory was set to false
[13:30:27] [Server thread/INFO] [Console]: Success! Property memory was set to false
[13:30:27] [Server thread/INFO] [Console]: That world does not exist!
[13:30:27] [Server thread/INFO] [Console]: Success! Property memory was set to false
[13:30:27] [Server thread/INFO] [Console]: Success! Property memory was set to false
[13:30:27] [Server thread/INFO] [Console]: Success! Property memory was set to false
[13:30:30] [Server thread/INFO] [net.minecraft.server.network.ServerGamePacketListenerImpl]: Tuacoap908LP lost connection: 连接中断
[13:30:30] [Server thread/INFO] [net.minecraft.server.MinecraftServer]: Tuacoap908LP已离线  当前还有3在线
[13:30:30] [Server thread/INFO] [APTweaks(Player)]: Protected Player The_Leopard_King was successful validated after 5 secs.
[13:30:30] [Server thread/INFO] [APTweaks(Player)]: Removing player protection invisible from player The_Leopard_King!
[13:30:30] [Server thread/INFO] [APTweaks(Player)]: Removing player protection invulnerable from player The_Leopard_King!
[13:30:34] [Server thread/INFO] [net.minecraft.server.network.ServerGamePacketListenerImpl]: The_Leopard_King issued server command: /ban 120216
[13:30:34] [Server thread/INFO] [net.minecraft.server.network.ServerGamePacketListenerImpl]: 120216 lost connection: 已封禁：
你已被此服务器封禁！
[13:30:34] [Server thread/INFO] [net.minecraft.server.MinecraftServer]: 120216已离线  当前还有2在线
[13:30:34] [Server thread/INFO] [Essentials]: 操作员The_Leopard_King封禁了120216，理由：<dark_red>已封禁：
<reset>你已被此服务器封禁！。
[13:30:37] [Server thread/INFO] [net.minecraft.server.network.ServerGamePacketListenerImpl]: The_Leopard_King issued server command: /ban IsabellaX
[13:30:37] [Server thread/INFO] [net.minecraft.server.network.ServerGamePacketListenerImpl]: IsabellaX lost connection: 已封禁：
你已被此服务器封禁！
[13:30:37] [Server thread/INFO] [net.minecraft.server.MinecraftServer]: IsabellaX已离线  当前还有1在线
[13:30:37] [Server thread/INFO] [Essentials]: 操作员The_Leopard_King封禁了IsabellaX，理由：<dark_red>已封禁：
<reset>你已被此服务器封禁！。
[13:30:45] [Server thread/INFO] [net.minecraft.server.network.ServerGamePacketListenerImpl]: The_Leopard_King issued server command: /deop BE.ashen1700
[13:30:46] [Server thread/INFO] [Essentials]: Created a User for ofoedoure642 (ae0b4126-31d4-3664-9e17-aaab20d489c4) for non Bukkit type: org.bukkit.craftbukkit.v1_20_R1.entity.CraftPlayer
[13:30:46] [Server thread/INFO] [APTweaks(Player)]: Player ofoedoure642 ServerPlayer['ofoedoure642'/61283, l='ServerLevel[world]', x=0.72, y=81.00, z=0.52](ofoedoure642 at 0.7190401406301354,81.0,0.5242781292017725) logged in and will be protected for 90 secs.
[13:30:46] [Server thread/INFO] [net.minecraft.server.players.PlayerList]: ofoedoure642[/120.204.142.195:44629] logged in with entity id 61283 at ([world]0.7190401406301354, 81.0, 0.5242781292017725)
[13:30:46] [Server thread/WARN] [net.minecraftforge.network.MCRegisterPacketHandler]: 接收到无效的通道名称: legacy:fml|hs。忽略。
[13:30:46] [Server thread/INFO] [Console]: ofoedoure642加入游戏  当前在线2
[13:30:47] [Craft Scheduler Thread - 61/INFO] [Minecraft]: [EliteMobs] No player entry detected, generating new entry!
[13:30:47] [Server thread/INFO] [APTweaks(Player)]: Protected Player ofoedoure642 was successful validated after 1 secs.
[13:30:47] [Server thread/INFO] [APTweaks(Player)]: Removing player protection invulnerable from player ofoedoure642!
[13:30:47] [Server thread/WARN] [net.minecraft.network.Connection]: handleDisconnection() called twice
[13:30:49] [Server thread/INFO] [net.minecraft.server.network.ServerGamePacketListenerImpl]: The_Leopard_King issued server command: /deop Haoboer66
[13:30:53] [Server thread/INFO] [net.minecraft.server.network.ServerGamePacketListenerImpl]: The_Leopard_King issued server command: /deop heiyin114514
[13:30:56] [Server thread/WARN] [net.minecraft.network.Connection]: handleDisconnection() called twice
[13:30:57] [Server thread/INFO] [net.minecraft.server.network.ServerGamePacketListenerImpl]: The_Leopard_King issued server command: /deop heiying114514
[13:31:02] [Server thread/INFO] [net.minecraft.server.network.ServerGamePacketListenerImpl]: The_Leopard_King issued server command: /deop hgfuyeguy
[13:31:02] [Server thread/INFO] [net.minecraft.server.network.ServerGamePacketListenerImpl]: ofoedoure642 lost connection: 连接中断
[13:31:02] [Server thread/INFO] [net.minecraft.server.MinecraftServer]: ofoedoure642已离线  当前还有1在线
[13:31:06] [Server thread/INFO] [net.minecraft.server.network.ServerGamePacketListenerImpl]: The_Leopard_King issued server command: /deop LeopardKing
[13:31:10] [Server thread/INFO] [net.minecraft.server.network.ServerGamePacketListenerImpl]: The_Leopard_King issued server command: /deop Microsoft
[13:31:14] [Server thread/INFO] [net.minecraft.server.network.ServerGamePacketListenerImpl]: The_Leopard_King issued server command: /deop Seara
[13:31:17] [Server thread/INFO] [APTweaks(Player)]: Player xXTuisiem5622Xx ServerPlayer['xXTuisiem5622Xx'/61823, l='ServerLevel[world]', x=12562.30, y=81.00, z=-3677.71](xXTuisiem5622Xx at 12562.300000011921,81.0,-3677.7052673329254) logged in and will be protected for 90 secs.
[13:31:17] [Server thread/INFO] [net.minecraft.server.players.PlayerList]: xXTuisiem5622Xx[/120.204.142.195:36313] logged in with entity id 61823 at ([world]12562.300000011921, 81.0, -3677.7052673329254)
[13:31:17] [Server thread/WARN] [net.minecraftforge.network.MCRegisterPacketHandler]: 接收到无效的通道名称: legacy:fml|hs。忽略。
[13:31:17] [Server thread/INFO] [net.minecraft.server.network.ServerGamePacketListenerImpl]: The_Leopard_King issued server command: /deop xXTuisiem5622Xx
[13:31:17] [Server thread/INFO] [Console]: xXTuisiem5622Xx加入游戏  当前在线2
[13:31:18] [Craft Scheduler Thread - 74/INFO] [Minecraft]: [EliteMobs] User 96732bb6-871e-332f-b372-dc1d05a7e8ee data successfully read!
[13:31:21] [Server thread/INFO] [net.minecraft.server.network.ServerGamePacketListenerImpl]: The_Leopard_King issued server command: /deop wusewang
[13:31:32] [Craft Scheduler Thread - 61/INFO] [fr.xephi.authme.AuthMe]: [AuthMe] The user xXTuisiem5622Xx has 3 accounts:
[13:31:32] [Craft Scheduler Thread - 61/INFO] [fr.xephi.authme.AuthMe]: [AuthMe] seara, heiyin114514, xXTuisiem5622Xx.
[13:31:32] [Craft Scheduler Thread - 61/INFO] [fr.xephi.authme.AuthMe]: [AuthMe] xXTuisiem5622Xx logged in 120.204.142.195
[13:31:34] [Server thread/INFO] [APTweaks(Player)]: Protected Player xXTuisiem5622Xx was successful validated after 16 secs.
[13:31:34] [Server thread/INFO] [APTweaks(Player)]: Removing player protection invulnerable from player xXTuisiem5622Xx!
[13:31:35] [Async Chat Thread - #16/INFO] [Console]: <xXTuisiem5622Xx> 1\
[13:31:40] [Server thread/INFO] [net.minecraft.server.network.ServerGamePacketListenerImpl]: The_Leopard_King issued server command: /ban Haoboer66
[13:31:40] [Server thread/INFO] [Essentials]: Created a User for Haoboer66 (e91a80db-2436-339c-aa28-640a0c55b2df) for non Bukkit type: com.earth2me.essentials.OfflinePlayerStub
[13:31:40] [Server thread/INFO] [Essentials]: 操作员The_Leopard_King封禁了Haoboer66，理由：<dark_red>已封禁：
<reset>你已被此服务器封禁！。
[13:31:55] [Server thread/INFO] [net.minecraft.server.MinecraftServer]: xXTuisiem5622Xx取得了进度[这不是铁镐么]
[13:32:05] [Server thread/INFO] [net.minecraft.server.network.ServerGamePacketListenerImpl]: xXTuisiem5622Xx issued server command: /hat
[13:32:13] [Server thread/INFO] [net.minecraft.server.network.ServerGamePacketListenerImpl]: xXTuisiem5622Xx issued server command: /fly
[13:32:58] [Server thread/INFO] [Minecraft]: [EliteMobs] Event coins_goblin.yml has been queued!
[13:32:58] [Server thread/INFO] [Console]: 金币哥布林出现了！
[13:33:06] [Server thread/INFO] [net.minecraft.server.network.ServerGamePacketListenerImpl]: The_Leopard_King issued server command: /lp editor
[13:33:26] [Server thread/WARN] [net.minecraft.network.Connection]: handleDisconnection() called twice
[13:33:58] [Server thread/INFO] [Essentials]: Created a User for sleeping_fish (546d0f14-a5ce-3906-87c9-fa3fdaa94c2a) for non Bukkit type: org.bukkit.craftbukkit.v1_20_R1.entity.CraftPlayer
[13:33:58] [Server thread/INFO] [APTweaks(Player)]: Player sleeping_fish ServerPlayer['sleeping_fish'/64488, l='ServerLevel[world]', x=0.72, y=81.00, z=0.52](sleeping_fish at 0.7190401406301354,81.0,0.5242781292017725) logged in and will be protected for 90 secs.
[13:33:58] [Server thread/INFO] [net.minecraft.server.players.PlayerList]: sleeping_fish[/117.14.143.213:55829] logged in with entity id 64488 at ([world]0.7190401406301354, 81.0, 0.5242781292017725)
[13:33:58] [Server thread/WARN] [net.minecraftforge.network.MCRegisterPacketHandler]: 接收到无效的通道名称: legacy:fml|hs。忽略。
[13:33:58] [Server thread/INFO] [Console]: sleeping_fish加入游戏  当前在线3
[13:33:59] [Craft Scheduler Thread - 78/INFO] [Minecraft]: [EliteMobs] No player entry detected, generating new entry!
[13:33:59] [Server thread/INFO] [APTweaks(Player)]: Protected Player sleeping_fish was successful validated after 1 secs.
[13:33:59] [Server thread/INFO] [APTweaks(Player)]: Removing player protection invulnerable from player sleeping_fish!
[13:34:06] [Server thread/INFO] [net.minecraft.server.network.ServerGamePacketListenerImpl]: The_Leopard_King issued server command: /lp applyedits NGw2FngsdX
[13:34:07] [luckperms-command-executor/INFO] [Console]: [LP] LOG > (The_Leopard_King) [G] (default)
[13:34:07] [luckperms-command-executor/INFO] [Console]: [LP] LOG > webeditor remove worldedit.help true
[13:34:07] [luckperms-command-executor/INFO] [Console]: [LP] LOG > (The_Leopard_King) [G] (default)
[13:34:07] [luckperms-command-executor/INFO] [Console]: [LP] LOG > webeditor remove worldedit.history.redo true
[13:34:07] [luckperms-command-executor/INFO] [Console]: [LP] LOG > (The_Leopard_King) [G] (default)
[13:34:07] [luckperms-command-executor/INFO] [Console]: [LP] LOG > webeditor remove worldedit.history.undo true
[13:34:07] [luckperms-command-executor/INFO] [Console]: [LP] LOG > (The_Leopard_King) [G] (default)
[13:34:07] [luckperms-command-executor/INFO] [Console]: [LP] LOG > webeditor remove worldedit.region.move true
[13:34:07] [luckperms-command-executor/INFO] [Console]: [LP] LOG > (The_Leopard_King) [G] (default)
[13:34:07] [luckperms-command-executor/INFO] [Console]: [LP] LOG > webeditor remove worldedit.region.replace true
[13:34:07] [luckperms-command-executor/INFO] [Console]: [LP] LOG > (The_Leopard_King) [G] (default)
[13:34:07] [luckperms-command-executor/INFO] [Console]: [LP] LOG > webeditor remove worldedit.region.set true
[13:34:07] [luckperms-command-executor/INFO] [Console]: [LP] LOG > (The_Leopard_King) [G] (default)
[13:34:07] [luckperms-command-executor/INFO] [Console]: [LP] LOG > webeditor remove worldedit.region.stack true
[13:34:07] [luckperms-command-executor/INFO] [Console]: [LP] LOG > (The_Leopard_King) [G] (default)
[13:34:07] [luckperms-command-executor/INFO] [Console]: [LP] LOG > webeditor remove worldedit.selection.pos true
[13:34:15] [Server thread/INFO] [fr.xephi.authme.AuthMe]: [AuthMe] sleeping_fish registered 117.14.143.213
[13:34:15] [Craft Scheduler Thread - 74/INFO] [fr.xephi.authme.AuthMe]: [AuthMe] The user sleeping_fish has 2 accounts:
[13:34:15] [Craft Scheduler Thread - 74/INFO] [fr.xephi.authme.AuthMe]: [AuthMe] 120216, sleeping_fish.
[13:34:15] [Craft Scheduler Thread - 74/INFO] [fr.xephi.authme.AuthMe]: [AuthMe] sleeping_fish logged in 117.14.143.213
[13:34:18] [Server thread/WARN] [net.minecraft.network.Connection]: handleDisconnection() called twice
[13:34:24] [Server thread/INFO] [Essentials]: CONSOLE issued server command: /broadcast &bsleeping_fish领取了新人礼包
[13:34:24] [Server thread/INFO] [net.minecraft.server.MinecraftServer]: sleeping_fish取得了进度[获得升级]
[13:34:24] [Server thread/INFO] [net.minecraft.server.MinecraftServer]: 已将1个[服务器主菜单]给予sleeping_fish
[13:34:24] [Server thread/INFO] [net.minecraft.server.MinecraftServer]: 已将1个[火箭发射器]给予sleeping_fish
[13:34:24] [Server thread/INFO] [net.minecraft.server.MinecraftServer]: 已将1个[电击枪]给予sleeping_fish
[13:34:24] [Server thread/INFO] [net.minecraft.server.MinecraftServer]: 已将1个[VR眼镜]给予sleeping_fish
[13:34:24] [Server thread/INFO] [net.minecraft.server.MinecraftServer]: sleeping_fish取得了进度[钻石！]
[13:34:24] [Server thread/INFO] [net.minecraft.server.MinecraftServer]: 已将10个[熊孩子探测器]给予sleeping_fish
[13:34:38] [Server thread/INFO] [net.minecraft.server.MinecraftServer]: 正在关闭服务器
[13:34:38] [Server thread/INFO] [mtr.libraries.org.eclipse.jetty.server.AbstractConnector]: Stopped ServerConnector@266c73fd{HTTP/1.1, (http/1.1)}{0.0.0.0:8888}
[13:34:38] [Server thread/INFO] [mtr.libraries.org.eclipse.jetty.server.handler.ContextHandler]: Stopped m.l.o.e.j.s.ServletContextHandler@32e92a30{/,union:/仓库/地球村/mods/%5B我的世界铁路%5D%20MTR-forge-1.20.1-3.2.2-hotfix-2.jar%23230!/assets/mtr/website,STOPPED}
[13:34:38] [Server thread/INFO] [Async Locator]: Async Locator -> Shutting down locating executor service
[13:34:38] [Server thread/INFO] [net.minecraft.server.MinecraftServer]: Stopping server
[13:34:38] [Server thread/INFO] [com.mohistmc.plugins.Main]: [Mohist] 小小墨正在与 Mohist v1.20.1 插件断开连接
[13:34:38] [Server thread/INFO] [com.rylinaux.plugman.PlugMan]: [PlugManX] 小小墨正在与 PlugManX v2.3.5 插件断开连接
[13:34:38] [Server thread/INFO] [com.olliez4.space.main.Main]: [Space] 小小墨正在与 Space v2.17 插件断开连接
[13:34:38] [Server thread/INFO] [Console]: [Space] Saved 32 energy networks successfully
[13:34:38] [Server thread/INFO] [com.olliez4.interface4.main.Interface4]: [Interface4] 小小墨正在与 Interface4 v4.8 插件断开连接
[13:34:38] [Server thread/INFO] [org.maxgamer.quickshop.QuickShop]: [QuickShop] 小小墨正在与 QuickShop v5.1.2.5 插件断开连接
[13:34:38] [Server thread/INFO] [org.maxgamer.quickshop.QuickShop]: [QuickShop] QuickShop is finishing remaining work, this may need a while...
[13:34:38] [Server thread/INFO] [org.maxgamer.quickshop.QuickShop]: [QuickShop] Please wait for the data to flush its data...
[13:34:38] [Server thread/INFO] [org.kingdoms.services.maps.MapViewerAddon]: [Kingdoms-Addon-Map-Viewers] 小小墨正在与 Kingdoms-Addon-Map-Viewers v2.1.0.1 插件断开连接
[13:34:38] [Server thread/INFO] [org.kingdoms.services.maps.MapViewerAddon]: [Kingdoms-Addon-Map-Viewers] Removing all map markers...
[13:34:38] [Server thread/INFO] [com.bekvon.bukkit.residence.Residence]: [Residence] 小小墨正在与 Residence v5.1.6.4 插件断开连接
[13:34:38] [Server thread/INFO] [Console]: [Residence] Disabled!
[13:34:38] [Server thread/INFO] [org.kingdoms.main.Kingdoms]: [KingdomsX] 小小墨正在与 Kingdoms v1.16.20.5 插件断开连接
[13:34:38] [Server thread/INFO] [org.kingdoms.main.Kingdoms]: [KingdomsX] Disabling thread workers...
[13:34:38] [kingdoms-worker-0/INFO] [org.kingdoms.main.Kingdoms]: [KingdomsX] Config watcher service has stopped.
[13:34:38] [Server thread/INFO] [org.kingdoms.main.Kingdoms]: [KingdomsX] Closing the logger...
[13:34:38] [Server thread/INFO] [org.kingdoms.main.Kingdoms]: [KingdomsX] Unregistering plugin services...
[13:34:38] [Server thread/INFO] [org.kingdoms.main.Kingdoms]: [KingdomsX] Removing kingdom mobs...
[13:34:38] [Server thread/INFO] [org.kingdoms.main.Kingdoms]: [KingdomsX] Removing temporary entities...
[13:34:38] [Server thread/INFO] [org.kingdoms.main.Kingdoms]: [KingdomsX] Removing temporary items...
[13:34:38] [Server thread/INFO] [org.kingdoms.main.Kingdoms]: [KingdomsX] Force regenerating all exploded stuff...
[13:34:38] [Server thread/INFO] [org.kingdoms.main.Kingdoms]: [KingdomsX] Saving kingdoms...
[13:34:38] [Server thread/INFO] [org.kingdoms.main.Kingdoms]: [KingdomsX] Saving nations...
[13:34:38] [Server thread/INFO] [org.kingdoms.main.Kingdoms]: [KingdomsX] Saving lands...
[13:34:39] [Server thread/INFO] [org.kingdoms.main.Kingdoms]: [KingdomsX] Saving players...
[13:34:39] [Server thread/INFO] [org.kingdoms.main.Kingdoms]: [KingdomsX] Saving mails...
[13:34:39] [Server thread/INFO] [org.kingdoms.main.Kingdoms]: [KingdomsX] Done, goodbye cruel world!
[13:34:39] [Server thread/INFO] [com.wimbli.WorldBorder.WorldBorder]: [WorldBorder] 小小墨正在与 WorldBorder v2.1.5 插件断开连接
[13:34:39] [Server thread/INFO] [com.wimbli.WorldBorder.WorldBorder]: [WorldBorder] [CONFIG] Border-checking timed task stopped.
[13:34:39] [Server thread/INFO] [com.magmaguy.betterstructures.BetterStructures]: [BetterStructures] 小小墨正在与 BetterStructures v1.6.11 插件断开连接
[13:34:39] [Server thread/INFO] [Minecraft]: [BetterStructures] Shutdown!
[13:34:39] [Server thread/INFO] [net.coreprotect.CoreProtect]: [CoreProtect] 小小墨正在与 CoreProtect v22.4 插件断开连接
[13:34:39] [Server thread/INFO] [Minecraft]: [CoreProtect] 正在完成数据记录，请稍等...
[13:34:39] [Server thread/INFO] [Minecraft]: [CoreProtect] 禁用 CoreProtect v22.4 成功！
[13:34:39] [Server thread/INFO] [me.ivehydra.authmetitles.AuthMeTitles]: [AuthMeTitles] 小小墨正在与 AuthMeTitles v1.6 插件断开连接
[13:34:39] [Server thread/INFO] [fr.xephi.authme.AuthMe]: [AuthMe] 小小墨正在与 AuthMe v5.6.0-SNAPSHOT-b2607 插件断开连接
[13:34:39] [Server thread/INFO] [fr.xephi.authme.AuthMe]: [AuthMe] Waiting for 0 tasks to finish
[13:34:39] [Server thread/INFO] [fr.xephi.authme.AuthMe]: [AuthMe] AuthMe 5.6.0-SNAPSHOT-b2607 disabled!
[13:34:39] [Server thread/INFO] [top.earthvillage.mtv.MTVadd]: [MTV-add] 小小墨正在与 MTV-add v0 插件断开连接
[13:34:39] [Server thread/INFO] [com.magmaguy.elitemobs.EliteMobs]: [EliteMobs] 小小墨正在与 EliteMobs v8.7.16 插件断开连接
[13:34:40] [Server thread/INFO] [Minecraft]: [EliteMobs] Starting EliteMobs shutdown sequence...
[13:34:40] [Server thread/INFO] [Minecraft]: [EliteMobs] Regenerating exploded blocks...
[13:34:40] [Server thread/INFO] [Minecraft]: [EliteMobs] Cancelling tasks...
[13:34:40] [Server thread/INFO] [Minecraft]: [EliteMobs] Closing wormholes...
[13:34:40] [Server thread/INFO] [Minecraft]: [EliteMobs] Spinning Regional Bosses down...
[13:34:40] [Server thread/INFO] [Minecraft]: [EliteMobs] Wiping Elite entities clean...
[13:34:40] [Server thread/INFO] [Minecraft]: [EliteMobs] Clearing events...
[13:34:40] [Server thread/INFO] [Minecraft]: [EliteMobs] Clearing valid worlds...
[13:34:40] [Server thread/INFO] [Minecraft]: [EliteMobs] Clearing zone based worlds...
[13:34:40] [Server thread/INFO] [Minecraft]: [EliteMobs] Clearing config regional elites...
[13:34:40] [Server thread/INFO] [Minecraft]: [EliteMobs] Clearing custom enchantments...
[13:34:40] [Server thread/INFO] [Minecraft]: [EliteMobs] Clearing custom items...
[13:34:40] [Server thread/INFO] [Minecraft]: [EliteMobs] Clearing Minidungeons...
[13:34:40] [Server thread/INFO] [Minecraft]: [EliteMobs] Unregistering placeholders...
[13:34:40] [Server thread/INFO] [Minecraft]: [EliteMobs] Unregistering handlers...
[13:34:40] [Server thread/INFO] [Minecraft]: [EliteMobs] Clearing Treasure Chests...
[13:34:40] [Server thread/INFO] [Minecraft]: [EliteMobs] Untracking quests...
[13:34:40] [Server thread/INFO] [Minecraft]: [EliteMobs] Saving EliteMobs databases...
[13:34:40] [Server thread/INFO] [Minecraft]: [EliteMobs] All done! Good night.
[13:34:40] [Server thread/INFO] [nl.mtvehicles.core.Main]: [MTVehicles] 小小墨正在与 MTVehicles v2.5.3 插件断开连接
[13:34:40] [Server thread/INFO] [com.onarandombox.MultiverseCore.MultiverseCore]: [Multiverse-Core] 小小墨正在与 Multiverse-Core v4.3.1-b861 插件断开连接
[13:34:40] [Server thread/INFO] [me.clip.placeholderapi.PlaceholderAPIPlugin]: [PlaceholderAPI] Unregistered placeholder expansion multiverse
[13:34:40] [Server thread/INFO] [me.clip.placeholderapi.PlaceholderAPIPlugin]: [PlaceholderAPI] Reason: required plugin Multiverse-Core was disabled.
[13:34:40] [Server thread/INFO] [me.wolfyscript.customcrafting.CustomCrafting]: [CustomCrafting] 小小墨正在与 CustomCrafting v4.16.9.1 插件断开连接
[13:34:40] [Server thread/INFO] [[38;5;11m⚡[0m]: 小小墨正在与 LagFixer v1.3.27 (build 91) 插件断开连接[0m
[13:34:40] [Server thread/INFO] [[38;5;11m⚡[0m]: [38;5;8m([38;5;11mErrorsManager[38;5;8m) [38;5;246m-> [38;5;15mDisabling manager...[0m
[13:34:40] [Server thread/INFO] [[38;5;11m⚡[0m]: [38;5;8m([38;5;11mErrorsManager[38;5;8m) [38;5;246m-> [38;5;15mDisabled manager in [38;5;11m0ms[38;5;15m![0m
[13:34:40] [Server thread/INFO] [[38;5;11m⚡[0m]: [38;5;8m([38;5;11mSupportManager[38;5;8m) [38;5;246m-> [38;5;15mDisabling manager...[0m
[13:34:40] [Server thread/INFO] [[38;5;11m⚡[0m]: [38;5;8m([38;5;11mSupportManager[38;5;8m) [38;5;246m-> [38;5;15mDisabled manager in [38;5;11m1ms[38;5;15m![0m
[13:34:40] [Server thread/INFO] [[38;5;11m⚡[0m]: [38;5;8m([38;5;11mConfigManager[38;5;8m) [38;5;246m-> [38;5;15mDisabling manager...[0m
[13:34:40] [Server thread/INFO] [[38;5;11m⚡[0m]: [38;5;8m([38;5;11mConfigManager[38;5;8m) [38;5;246m-> [38;5;15mDisabled manager in [38;5;11m0ms[38;5;15m![0m
[13:34:40] [Server thread/INFO] [[38;5;11m⚡[0m]: [38;5;8m([38;5;11mHookManager[38;5;8m) [38;5;246m-> [38;5;15mDisabling manager...[0m
[13:34:40] [Server thread/INFO] [[38;5;11m⚡[0m]:  [38;5;8m• [0mSucessfully disabled hook spark in 0ms![0m
[13:34:40] [Server thread/INFO] [[38;5;11m⚡[0m]:  [38;5;8m• [0mSucessfully disabled hook PlaceholderAPI in 0ms![0m
[13:34:40] [Server thread/INFO] [[38;5;11m⚡[0m]: [38;5;8m([38;5;11mHookManager[38;5;8m) [38;5;246m-> [38;5;15mDisabled manager in [38;5;11m0ms[38;5;15m![0m
[13:34:40] [Server thread/INFO] [[38;5;11m⚡[0m]: [38;5;8m([38;5;11mMetricsManager[38;5;8m) [38;5;246m-> [38;5;15mDisabling manager...[0m
[13:34:40] [Server thread/INFO] [[38;5;11m⚡[0m]: [38;5;8m([38;5;11mMetricsManager[38;5;8m) [38;5;246m-> [38;5;15mDisabled manager in [38;5;11m0ms[38;5;15m![0m
[13:34:40] [Server thread/INFO] [[38;5;11m⚡[0m]: [38;5;8m([38;5;11mUpdaterManager[38;5;8m) [38;5;246m-> [38;5;15mDisabling manager...[0m
[13:34:40] [Server thread/INFO] [[38;5;11m⚡[0m]: [38;5;8m([38;5;11mUpdaterManager[38;5;8m) [38;5;246m-> [38;5;15mDisabled manager in [38;5;11m1ms[38;5;15m![0m
[13:34:40] [Server thread/INFO] [[38;5;11m⚡[0m]: [38;5;8m([38;5;11mModuleManager[38;5;8m) [38;5;246m-> [38;5;15mDisabling manager...[0m
[13:34:40] [Server thread/INFO] [[38;5;11m⚡[0m]:  • Sucessfully disabled module RedstoneLimiter in 0ms.[0m
[13:34:40] [Server thread/INFO] [[38;5;11m⚡[0m]:  • Sucessfully disabled module EntityLimiter in 0ms.[0m
[13:34:40] [Server thread/INFO] [[38;5;11m⚡[0m]:  • Sucessfully disabled module CustomAi in 0ms.[0m
[13:34:40] [Server thread/INFO] [[38;5;11m⚡[0m]:  • Sucessfully disabled module LagMonitor in 0ms.[0m
[13:34:40] [Server thread/INFO] [[38;5;11m⚡[0m]:  • Sucessfully disabled module CustomVehicles in 1ms.[0m
[13:34:40] [Server thread/INFO] [[38;5;11m⚡[0m]:  • Sucessfully disabled module WorldCleaner in 0ms.[0m
[13:34:40] [Server thread/INFO] [[38;5;11m⚡[0m]:  • Sucessfully disabled module InstantLeafDecay in 0ms.[0m
[13:34:40] [Server thread/INFO] [[38;5;11m⚡[0m]: [38;5;8m([38;5;11mModuleManager[38;5;8m) [38;5;246m-> [38;5;15mDisabled manager in [38;5;11m2ms[38;5;15m![0m
[13:34:40] [Server thread/INFO] [[38;5;11m⚡[0m]: [38;5;8m([38;5;11mCommandManager[38;5;8m) [38;5;246m-> [38;5;15mDisabling manager...[0m
[13:34:40] [Server thread/INFO] [[38;5;11m⚡[0m]: [38;5;8m([38;5;11mCommandManager[38;5;8m) [38;5;246m-> [38;5;15mDisabled manager in [38;5;11m1ms[38;5;15m![0m
[13:34:40] [Server thread/INFO] [wtf.choco.veinminer.VeinMinerPlugin]: [VeinMiner] 小小墨正在与 VeinMiner v2.1.0 插件断开连接
[13:34:40] [Server thread/INFO] [wtf.choco.veinminer.VeinMinerPlugin]: [VeinMiner] Clearing localized data
[13:34:40] [Server thread/INFO] [Essentials]: 小小墨正在与 Essentials v2.21.0-dev+56-1929d41 插件断开连接
[13:34:40] [Server thread/INFO] [net.milkbowl.vault.Vault]: [Vault] [Economy] Essentials Economy unhooked.
[13:34:40] [Server thread/INFO] [com.sk89q.worldedit.bukkit.WorldEditPlugin]: [WorldEdit] 小小墨正在与 WorldEdit v7.2.16+6534-2066eb4 插件断开连接
[13:34:40] [Server thread/INFO] [com.sk89q.worldedit.extension.platform.PlatformManager]: Unregistering com.sk89q.worldedit.bukkit.BukkitServerInterface from WorldEdit
[13:34:40] [Server thread/INFO] [org.dynmap.bukkit.DynmapPlugin]: [dynmap] 小小墨正在与 dynmap v3.7-beta-4-935 插件断开连接
[13:34:40] [Server thread/INFO] [org.dynmap.bukkit.DynmapPlugin]: [dynmap] Unloaded 12 components.
[13:34:40] [Server thread/INFO] [org.dynmap.bukkit.DynmapPlugin]: [dynmap] Stopping map renderer...
[13:34:41] [Server thread/INFO] [org.dynmap.bukkit.DynmapPlugin]: [dynmap] Saved 9 pending tile renders in world 'world'
[13:34:46] [Server thread/INFO] [org.dynmap.bukkit.DynmapPlugin]: [dynmap] Disabled
[13:34:46] [Server thread/INFO] [cn.wekyjay.www.wkkit.WkKit]: [WkKit] 小小墨正在与 WkKit v1.2.8 插件断开连接
[13:34:46] [Server thread/INFO] [Console]: [WkKit] WkKit插件已成功卸载
[13:34:46] [Server thread/INFO] [dev.geco.gsit.GSitMain]: [GSit] 小小墨正在与 GSit v1.9.5 插件断开连接
[13:34:46] [Server thread/INFO] [Console]: [GSit] 插件已成功禁用
[13:34:46] [Server thread/INFO] [me.filoghost.chestcommands.ChestCommands]: [ChestCommands] 小小墨正在与 ChestCommands v4.0.4 插件断开连接
[13:34:46] [Server thread/INFO] [net.skinsrestorer.bukkit.SRBukkitBootstrap]: [SkinsRestorer] 小小墨正在与 SkinsRestorer v15.5.1 插件断开连接
[13:34:46] [Server thread/INFO] [xyz.jpenilla.tabtps.spigot.TabTPSPlugin]: [TabTPS] 小小墨正在与 TabTPS v1.3.21 插件断开连接
[13:34:46] [Server thread/INFO] [dev.lone.serverbooster.Main]: [ServerBooster] 小小墨正在与 ServerBooster v1.1.8 插件断开连接
[13:34:46] [Server thread/INFO] [cn.marinda.itemcommands.ItemCommands]: [ItemCommands] 小小墨正在与 ItemCommands v1.3 插件断开连接
[13:34:46] [Server thread/INFO] [Console]: [ItemCommands]插件卸载成功
[13:34:46] [Server thread/INFO] [com.viaversion.viarewind.BukkitPlugin]: [ViaRewind] 小小墨正在与 ViaRewind v4.0.5 插件断开连接
[13:34:46] [Server thread/INFO] [net.milkbowl.vault.Vault]: [Vault] 小小墨正在与 Vault v1.7.3-b131 插件断开连接
[13:34:46] [Server thread/INFO] [me.clip.placeholderapi.PlaceholderAPIPlugin]: [PlaceholderAPI] Unregistered placeholder expansion vault
[13:34:46] [Server thread/INFO] [me.clip.placeholderapi.PlaceholderAPIPlugin]: [PlaceholderAPI] Reason: required plugin Vault was disabled.
[13:34:46] [Server thread/INFO] [top.earthvillage.enchantmentchecker.EnchantmentChecker]: [EnchantmentChecker] 小小墨正在与 EnchantmentChecker v1.0 插件断开连接
[13:34:46] [Server thread/INFO] [com.wolfyscript.utilities.bukkit.WolfyCoreBukkit]: [WolfyUtilities] 小小墨正在与 WolfyUtilities v4.17-beta.1 插件断开连接
[13:34:46] [Server thread/INFO] [com.wolfyscript.utilities.bukkit.WolfyCoreBukkit]: [WolfyUtilities] Save stored Custom Items
[13:34:46] [Server thread/INFO] [studio.trc.bukkit.litesignin.Main]: [LiteSignIn] 小小墨正在与 LiteSignIn v1.8.1.4 插件断开连接
[13:34:46] [Server thread/INFO] [me.clip.placeholderapi.PlaceholderAPIPlugin]: [PlaceholderAPI] Unregistered placeholder expansion litesignin
[13:34:46] [Server thread/INFO] [me.clip.placeholderapi.PlaceholderAPIPlugin]: [PlaceholderAPI] Reason: required plugin LiteSignIn was disabled.
[13:34:46] [Server thread/INFO] [Console]: 时间之子·签到侠 >>> 异步线程已停止
[13:34:46] [Server thread/INFO] [Console]: 时间之子·签到侠 >>> 已断开 SQLite 数据库的连接。
[13:34:46] [Server thread/INFO] [com.comphenix.protocol.ProtocolLib]: [ProtocolLib] 小小墨正在与 ProtocolLib v5.2.0-SNAPSHOT-679 插件断开连接
[13:34:46] [Server thread/INFO] [dev.lone.LoneLibs.Main]: [LoneLibs] 小小墨正在与 LoneLibs v1.0.45 插件断开连接
[13:34:46] [Server thread/INFO] [uk.co.harieo.seasons.core.SeasonsCore]: [Seasons] 小小墨正在与 Seasons v2.5.0 插件断开连接
[13:34:46] [Server thread/INFO] [uk.co.harieo.seasons.core.SeasonsCore]: [Seasons] Saving all seasons-enabled worlds...
[13:34:46] [Server thread/INFO] [uk.co.harieo.seasons.core.SeasonsCore]: [Seasons] Saved all worlds successfully
[13:34:46] [Server thread/INFO] [me.lucko.spark.bukkit.BukkitSparkPlugin]: [spark] 小小墨正在与 spark v1.10.34 插件断开连接
[13:34:46] [Server thread/INFO] [net.Zrips.CMILib.CMILib]: [CMILib] 小小墨正在与 CMILib v1.5.2.6 插件断开连接
[13:34:46] [Server thread/INFO] [top.earthvillage.chatmonitor.ChatMonitor]: [ChatMonitor] 小小墨正在与 ChatMonitor v0 插件断开连接
[13:34:46] [Server thread/INFO] [me.jasperjh.animatedscoreboard.AnimatedScoreboard]: [AnimatedScoreboard] 小小墨正在与 AnimatedScoreboard v0.3.2 插件断开连接
[13:34:46] [Server thread/INFO] [raiseup.ru.RU]: [RaiseUp] 小小墨正在与 RaiseUp v1.1 插件断开连接
[13:34:46] [Server thread/INFO] [raiseup.ru.RU]: [RaiseUp] [Raise up] 已卸载
[13:34:46] [Server thread/INFO] [me.craftwood.redstoneclockpreventer.Main]: [RedstoneClockPreventer] 小小墨正在与 RedstoneClockPreventer v1.3.1 插件断开连接
[13:34:46] [Server thread/INFO] []: [RedstoneClockPreventer] RedstoneClockPreventer v1.3.1 by [MGbeenieboy] disabled
[13:34:46] [Server thread/INFO] [me.lucko.luckperms.bukkit.loader.BukkitLoaderPlugin]: [LuckPerms] 小小墨正在与 LuckPerms v5.4.102 插件断开连接
[13:34:46] [Server thread/INFO] [me.lucko.luckperms.bukkit.loader.BukkitLoaderPlugin]: [LuckPerms] Starting shutdown process...
[13:34:46] [Server thread/INFO] [me.lucko.luckperms.bukkit.loader.BukkitLoaderPlugin]: [LuckPerms] Closing storage...
[13:34:46] [Server thread/INFO] [me.lucko.luckperms.bukkit.loader.BukkitLoaderPlugin]: [LuckPerms] Goodbye!
[13:34:46] [Server thread/INFO] [com.viaversion.viabackwards.BukkitPlugin]: [ViaBackwards] 小小墨正在与 ViaBackwards v5.2.1 插件断开连接
[13:34:46] [Server thread/INFO] [ShiZiRui.Shift]: [Shift_Menu] 小小墨正在与 Shift_Menu v1.0.0 插件断开连接
[13:34:46] [Server thread/INFO] [ShiZiRui.Shift]: [Shift_Menu] [ShiZiRUi]感谢您的使用
[13:34:46] [Server thread/INFO] [ShiZiRui.Shift]: [Shift_Menu] [ShiZiRui]该软件为原创插件
[13:34:46] [Server thread/INFO] [ShiZiRui.Shift]: [Shift_Menu] [ShiZiRui]编写者：BeiCuei
[13:34:46] [Server thread/INFO] [com.viaversion.viaversion.ViaVersionPlugin]: [ViaVersion] 小小墨正在与 ViaVersion v5.2.1 插件断开连接
[13:34:46] [Server thread/INFO] [com.viaversion.viaversion.ViaVersionPlugin]: [ViaVersion] ViaVersion is disabling. If this is a reload and you experience issues, please reboot instead.
[13:34:46] [Server thread/INFO] [com.viaversion.viaversion.ViaVersionPlugin]: [ViaVersion] ViaVersion has been disabled; uninjected the platform and shut down the scheduler.
[13:34:46] [Server thread/INFO] [fr.andross.banitem.BanItem]: [BanItem] 小小墨正在与 BanItem v3.5 插件断开连接
[13:34:46] [Server thread/INFO] [cc.moecraft.chinesenickname.ChineseNickName]: [ChineseNickName] 小小墨正在与 ChineseNickName v0.0.3 插件断开连接
[13:34:46] [Server thread/INFO] [me.PCPSells.PRMain]: [PlayerReport] 小小墨正在与 PlayerReport v3.4.3 插件断开连接
[13:34:46] [Server thread/INFO] [me.arasple.mc.trchat.taboolib.platform.BukkitPlugin]: [TrChat] 小小墨正在与 TrChat v2.1.1 插件断开连接
[13:34:47] [Server thread/INFO] [com.gmail.zhushijie.litecustomannouncer.LiteCustomAnnouncer]: [LiteCustomAnnouncer] 小小墨正在与 LiteCustomAnnouncer v1.5 插件断开连接
[13:34:47] [Server thread/INFO] [com.gmail.zhushijie.litecustomannouncer.LiteCustomAnnouncer]: [LiteCustomAnnouncer] LiteCustomAnnouncer已成功卸载!
[13:34:47] [Server thread/INFO] [top.earthvillage.aprilfools.AprilFoolsPlugin]: [AprilFools] 小小墨正在与 AprilFools v1.1 插件断开连接
[13:34:47] [Server thread/INFO] [net.craftersland.consolefix.CSF]: [ConsoleSpamFix] 小小墨正在与 ConsoleSpamFix v1.10.0 插件断开连接
[13:34:47] [Server thread/INFO] [net.craftersland.consolefix.CSF]: [ConsoleSpamFix] Messages hidden since the server started: 1495
[13:34:47] [Server thread/INFO] [net.craftersland.consolefix.CSF]: [ConsoleSpamFix] ConsoleSpamFix is disabled!
[13:34:47] [Server thread/INFO] [top.earthvillage.fakechatplugin.FakeChatPlugin]: [FakeChatPlugin] 小小墨正在与 FakeChatPlugin v1 插件断开连接
[13:34:47] [Server thread/INFO] [me.filoghost.holographicdisplays.plugin.HolographicDisplays]: [HolographicDisplays] 小小墨正在与 HolographicDisplays v3.0.4 插件断开连接
[13:34:47] [Server thread/INFO] [me.clip.placeholderapi.PlaceholderAPIPlugin]: [PlaceholderAPI] 小小墨正在与 PlaceholderAPI v2.11.5 插件断开连接
[13:34:47] [Server thread/INFO] [com.magmaguy.freeminecraftmodels.FreeMinecraftModels]: [FreeMinecraftModels] 小小墨正在与 FreeMinecraftModels v1.3.2 插件断开连接
[13:34:47] [Server thread/INFO] [earthvillage.top.CreativeTimerPlugin.CreativeTimerPlugin]: [CreativeTimerPlugin] 小小墨正在与 CreativeTimerPlugin v1.14514 插件断开连接
[13:34:47] [Server thread/INFO] []: [创造模式体验系统]正在保存玩家信息···
[13:34:47] [Server thread/INFO] []: [创造模式体验系统]保存玩家信息完毕···
[13:34:47] [Server thread/INFO] []: [创造模式体验系统]正在保存玩家信息···
[13:34:47] [Server thread/INFO] []: [创造模式体验系统]保存玩家信息完毕···
[13:34:47] [Server thread/INFO] []: [创造模式体验系统]正在保存玩家信息···
[13:34:47] [Server thread/INFO] []: [创造模式体验系统]保存玩家信息完毕···
[13:34:47] [Server thread/INFO] []: [创造模式体验系统]正在获取是否有人保留了模式···
[13:34:47] [Server thread/INFO] []: [创造模式体验系统]正在获取是否有人保留了模式···
[13:34:47] [Server thread/INFO] []: [创造模式体验系统]正在获取是否有人保留了模式···
[13:34:47] [Server thread/INFO] [org.eu.pcraft.pepperminecart.PepperMinecart]: [PepperMinecart] 小小墨正在与 PepperMinecart v${version} 插件断开连接
[13:34:47] [Server thread/INFO] [net.minecraft.server.MinecraftServer]: Saving players
[13:34:47] [Server thread/INFO] [net.minecraft.server.network.ServerGamePacketListenerImpl]: The_Leopard_King lost connection: 服务器睡觉了
[13:34:47] [Server thread/INFO] [net.minecraft.server.MinecraftServer]: The_Leopard_King left the game.
[13:34:47] [Server thread/INFO] [net.minecraft.server.network.ServerGamePacketListenerImpl]: xXTuisiem5622Xx lost connection: 服务器睡觉了
[13:34:47] [Server thread/INFO] [net.minecraft.server.MinecraftServer]: xXTuisiem5622Xx left the game.
[13:34:47] [Server thread/INFO] [net.minecraft.server.network.ServerGamePacketListenerImpl]: sleeping_fish lost connection: 服务器睡觉了
[13:34:47] [Server thread/INFO] [net.minecraft.server.MinecraftServer]: sleeping_fish left the game.
[13:34:47] [Server thread/INFO] [net.minecraft.server.MinecraftServer]: Saving worlds
[13:34:47] [Server thread/INFO] [net.minecraft.server.MinecraftServer]: 正在保存世界 'ServerLevel[world]'/minecraft:overworld 中的区块
[13:34:50] [Server thread/INFO] []: Minecraft Transit Railway save complete for minecraft:overworld in 2 second(s)
[13:34:50] [Server thread/INFO] []: - Changed: 224
[13:34:50] [Server thread/INFO] []: - Delays Cleared: 8
[13:34:57] [Server thread/INFO] [net.minecraft.server.MinecraftServer]: 正在保存世界 'ServerLevel[world]'/minecraft:the_end 中的区块
[13:34:57] [Server thread/INFO] []: Minecraft Transit Railway save complete for minecraft:the_end in 0 second(s)
[13:34:57] [Server thread/INFO] [net.minecraft.server.MinecraftServer]: 正在保存世界 'ServerLevel[world]'/minecraft:the_nether 中的区块
[13:34:57] [Server thread/INFO] []: Minecraft Transit Railway save complete for minecraft:the_nether in 0 second(s)
[13:34:57] [Server thread/INFO] []: - Changed: 5
[13:34:57] [Server thread/INFO] [net.minecraft.server.MinecraftServer]: 正在保存世界 'ServerLevel[Space]'/minecraft:space 中的区块
[13:34:57] [Server thread/INFO] [net.minecraft.server.MinecraftServer]: 正在保存世界 'ServerLevel[Mars]'/minecraft:mars 中的区块
[13:34:57] [Server thread/INFO] [net.minecraft.server.MinecraftServer]: 正在保存世界 'ServerLevel[world2]'/minecraft:world2 中的区块
[13:34:57] [Server thread/INFO] [net.minecraft.server.MinecraftServer]: 正在保存世界 'ServerLevel[Orbit]'/minecraft:orbit 中的区块
[13:34:57] [Server thread/INFO] [net.minecraft.server.MinecraftServer]: 正在保存世界 'ServerLevel[wasteland]'/minecraft:wasteland 中的区块
[13:34:57] [Server thread/INFO] [net.minecraft.server.MinecraftServer]: ThreadedAnvilChunkStorage (world): All chunks are saved
[13:34:57] [Server thread/INFO] [net.minecraft.server.MinecraftServer]: ThreadedAnvilChunkStorage (DIM1): All chunks are saved
[13:34:57] [Server thread/INFO] [net.minecraft.server.MinecraftServer]: ThreadedAnvilChunkStorage (DIM-1): All chunks are saved
[13:34:57] [Server thread/INFO] [net.minecraft.server.MinecraftServer]: ThreadedAnvilChunkStorage (Space): All chunks are saved
[13:34:57] [Server thread/INFO] [net.minecraft.server.MinecraftServer]: ThreadedAnvilChunkStorage (Mars): All chunks are saved
[13:34:57] [Server thread/INFO] [net.minecraft.server.MinecraftServer]: ThreadedAnvilChunkStorage (world2): All chunks are saved
[13:34:57] [Server thread/INFO] [net.minecraft.server.MinecraftServer]: ThreadedAnvilChunkStorage (Orbit): All chunks are saved
[13:34:57] [Server thread/INFO] [net.minecraft.server.MinecraftServer]: ThreadedAnvilChunkStorage (wasteland): All chunks are saved
[13:34:57] [Server thread/INFO] [net.minecraft.server.MinecraftServer]: ThreadedAnvilChunkStorage: All dimensions are saved
[13:34:57] [Server thread/INFO] [net.minecraft.server.MinecraftServer]: Saving usercache.json
